OpenROAD 41a51eaf4ca2171c92ff38afb91eb37bbd3f36da 
This program is licensed under the BSD-3 license. See the LICENSE file for details.
Components of this program may be licensed under more restrictive licenses which must be honored.
[INFO ODB-0222] Reading LEF file: /home/vboxuser/caravel_user_project/openlane/user_project_wrapper/runs/24_10_17_20_58/tmp/merged.max.lef
[WARNING ODB-0220] WARNING (LEFPARS-2036): SOURCE statement is obsolete in version 5.6 and later.
The LEF parser will ignore this statement.
To avoid this warning in the future, remove this statement from the LEF file with version 5.6 or later. See file /home/vboxuser/caravel_user_project/openlane/user_project_wrapper/runs/24_10_17_20_58/tmp/merged.max.lef at line 68353.

[INFO ODB-0223]     Created 13 technology layers
[INFO ODB-0224]     Created 25 technology vias
[INFO ODB-0225]     Created 442 library cells
[INFO ODB-0226] Finished LEF file:  /home/vboxuser/caravel_user_project/openlane/user_project_wrapper/runs/24_10_17_20_58/tmp/merged.max.lef
[INFO ODB-0127] Reading DEF file: /home/vboxuser/caravel_user_project/openlane/user_project_wrapper/runs/24_10_17_20_58/results/routing/user_project_wrapper.def
[INFO ODB-0128] Design: user_project_wrapper
[INFO ODB-0130]     Created 645 pins.
[INFO ODB-0131]     Created 1 components and 543 component-terminals.
[INFO ODB-0132]     Created 8 special nets and 2 connections.
[INFO ODB-0133]     Created 637 nets and 541 connections.
[INFO ODB-0134] Finished DEF file: /home/vboxuser/caravel_user_project/openlane/user_project_wrapper/runs/24_10_17_20_58/results/routing/user_project_wrapper.def
define_corners Typical
read_liberty -corner Typical /home/vboxuser/caravel_user_project/dependencies/pdks/sky130A/libs.ref/sky130_fd_sc_hd/lib/sky130_fd_sc_hd__tt_025C_1v80.lib
read_liberty -corner Typical /home/vboxuser/caravel_user_project/openlane/user_project_wrapper/../../lib/user_proj_example.lib
Using 1e-12 for capacitance...
Using 1e+03 for resistance...
Using 1e-09 for time...
Using 1e+00 for voltage...
Using 1e-03 for current...
Using 1e-09 for power...
Using 1e-06 for distance...
Using RCX ruleset '/home/vboxuser/caravel_user_project/dependencies/pdks/sky130A/libs.tech/openlane/rules.openrcx.sky130A.max.calibre'...
[INFO RCX-0431] Defined process_corner X with ext_model_index 0
[INFO RCX-0029] Defined extraction corner X
[INFO RCX-0008] extracting parasitics of user_project_wrapper ...
[INFO RCX-0435] Reading extraction model file /home/vboxuser/caravel_user_project/dependencies/pdks/sky130A/libs.tech/openlane/rules.openrcx.sky130A.max.calibre ...
[INFO RCX-0436] RC segment generation user_project_wrapper (max_merge_res 50.0) ...
[INFO RCX-0040] Final 899 rc segments
[INFO RCX-0439] Coupling Cap extraction user_project_wrapper ...
[INFO RCX-0440] Coupling threshhold is 0.1000 fF, coupling capacitance less than 0.1000 fF will be grounded.
[INFO RCX-0043] 3281 wires to be extracted
[INFO RCX-0442] 39% completion -- 1298 wires have been extracted
[INFO RCX-0442] 44% completion -- 1476 wires have been extracted
[INFO RCX-0442] 55% completion -- 1817 wires have been extracted
[INFO RCX-0442] 63% completion -- 2089 wires have been extracted
[INFO RCX-0442] 71% completion -- 2353 wires have been extracted
[INFO RCX-0442] 79% completion -- 2596 wires have been extracted
[INFO RCX-0442] 87% completion -- 2885 wires have been extracted
[INFO RCX-0442] 100% completion -- 3281 wires have been extracted
[INFO RCX-0045] Extract 643 nets, 1440 rsegs, 1440 caps, 1438 ccs
[INFO RCX-0015] Finished extracting user_project_wrapper.
Writing result to /home/vboxuser/caravel_user_project/openlane/user_project_wrapper/runs/24_10_17_20_58/results/routing/mca/process_corner_max/user_project_wrapper.spef...
Setting global connections for newly added cells…
[WARNING] Did not save OpenROAD database!
Writing extracted parasitics to '/home/vboxuser/caravel_user_project/openlane/user_project_wrapper/runs/24_10_17_20_58/results/routing/mca/process_corner_max/user_project_wrapper.spef'…
[INFO RCX-0016] Writing SPEF ...
[INFO RCX-0443] 637 nets finished
[INFO RCX-0017] Finished writing SPEF ...
