OpenROAD 41a51eaf4ca2171c92ff38afb91eb37bbd3f36da 
This program is licensed under the BSD-3 license. See the LICENSE file for details.
Components of this program may be licensed under more restrictive licenses which must be honored.
[INFO ODB-0222] Reading LEF file: /home/vboxuser/caravel_user_project/openlane/user_project_wrapper/runs/24_10_18_11_24/tmp/merged.nom.lef
[WARNING ODB-0220] WARNING (LEFPARS-2036): SOURCE statement is obsolete in version 5.6 and later.
The LEF parser will ignore this statement.
To avoid this warning in the future, remove this statement from the LEF file with version 5.6 or later. See file /home/vboxuser/caravel_user_project/openlane/user_project_wrapper/runs/24_10_18_11_24/tmp/merged.nom.lef at line 68353.

[INFO ODB-0223]     Created 13 technology layers
[INFO ODB-0224]     Created 25 technology vias
[INFO ODB-0225]     Created 442 library cells
[INFO ODB-0226] Finished LEF file:  /home/vboxuser/caravel_user_project/openlane/user_project_wrapper/runs/24_10_18_11_24/tmp/merged.nom.lef
[INFO ODB-0127] Reading DEF file: /home/vboxuser/caravel_user_project/openlane/user_project_wrapper/runs/24_10_18_11_24/results/routing/user_project_wrapper.def
[INFO ODB-0128] Design: user_project_wrapper
[INFO ODB-0130]     Created 645 pins.
[INFO ODB-0131]     Created 1 components and 543 component-terminals.
[INFO ODB-0132]     Created 8 special nets and 2 connections.
[INFO ODB-0133]     Created 637 nets and 541 connections.
[INFO ODB-0134] Finished DEF file: /home/vboxuser/caravel_user_project/openlane/user_project_wrapper/runs/24_10_18_11_24/results/routing/user_project_wrapper.def
OpenROAD 41a51eaf4ca2171c92ff38afb91eb37bbd3f36da 
This program is licensed under the BSD-3 license. See the LICENSE file for details.
Components of this program may be licensed under more restrictive licenses which must be honored.
warning: `//.tclsh-history' is not writable.
[?1034hopenroad> 
openroad>         read_lef /home/vboxuser/caravel_user_project/openlane/user_pro ject_wrapper/runs/24_10_18_11_24/tmp/merged.nom.lef
[INFO ODB-0222] Reading LEF file: /home/vboxuser/caravel_user_project/openlane/user_project_wrapper/runs/24_10_18_11_24/tmp/merged.nom.lef
[WARNING ODB-0220] WARNING (LEFPARS-2036): SOURCE statement is obsolete in version 5.6 and later.
The LEF parser will ignore this statement.
To avoid this warning in the future, remove this statement from the LEF file with version 5.6 or later. See file /home/vboxuser/caravel_user_project/openlane/user_project_wrapper/runs/24_10_18_11_24/tmp/merged.nom.lef at line 68353.

[INFO ODB-0223]     Created 13 technology layers
[INFO ODB-0224]     Created 25 technology vias
[INFO ODB-0225]     Created 442 library cells
[INFO ODB-0226] Finished LEF file:  /home/vboxuser/caravel_user_project/openlane/user_project_wrapper/runs/24_10_18_11_24/tmp/merged.nom.lef
openroad>         read_verilog /home/vboxuser/caravel_user_project/openlane/user _project_wrapper/runs/24_10_18_11_24/tmp/synthesis/pg_define.v
openroad>         link_design user_project_wrapper
[WARNING ORD-1011] LEF master user_proj_example has no liberty cell.
openroad>         write_def /home/vboxuser/caravel_user_project/openlane/user_pr oject_wrapper/runs/24_10_18_11_24/tmp/synthesis/pg_define.intermediate.def
openroad>         exit
unable to write history to `//.tclsh-history'

[INFO ODB-0222] Reading LEF file: /home/vboxuser/caravel_user_project/openlane/user_project_wrapper/runs/24_10_18_11_24/tmp/merged.nom.lef
[WARNING ODB-0220] WARNING (LEFPARS-2036): SOURCE statement is obsolete in version 5.6 and later.
The LEF parser will ignore this statement.
To avoid this warning in the future, remove this statement from the LEF file with version 5.6 or later. See file /home/vboxuser/caravel_user_project/openlane/user_project_wrapper/runs/24_10_18_11_24/tmp/merged.nom.lef at line 68353.

[INFO ODB-0223]     Created 13 technology layers
[INFO ODB-0224]     Created 25 technology vias
[INFO ODB-0225]     Created 442 library cells
[INFO ODB-0226] Finished LEF file:  /home/vboxuser/caravel_user_project/openlane/user_project_wrapper/runs/24_10_18_11_24/tmp/merged.nom.lef
[INFO ODB-0127] Reading DEF file: /home/vboxuser/caravel_user_project/openlane/user_project_wrapper/runs/24_10_18_11_24/tmp/synthesis/pg_define.intermediate.def
[INFO ODB-0128] Design: user_project_wrapper
[INFO ODB-0130]     Created 645 pins.
[INFO ODB-0131]     Created 1 components and 543 component-terminals.
[INFO ODB-0133]     Created 645 nets and 543 connections.
[INFO ODB-0134] Finished DEF file: /home/vboxuser/caravel_user_project/openlane/user_project_wrapper/runs/24_10_18_11_24/tmp/synthesis/pg_define.intermediate.def
Top-level design name: user_project_wrapper
Found default power net 'vccd1'
Found default ground net 'vssd1'
Found 4 power ports.
Found 4 ground ports.
Modified power connections of 1/1 cells.
Connected vccd1 to mprj/vccd1.
Connected vssd1 to mprj/vssd1.
