Netgen 1.5.255 compiled on Wed Jul 12 10:06:14 UTC 2023
Warning: netgen command 'format' use fully-qualified name '::netgen::format'
Warning: netgen command 'global' use fully-qualified name '::netgen::global'
Generating JSON file result
Reading netlist file /home/vboxuser/caravel_user_project/openlane/user_project_wrapper/runs/24_10_18_11_24/results/signoff/user_project_wrapper.spice
Reading netlist file /home/vboxuser/caravel_user_project/openlane/user_project_wrapper/runs/24_10_18_11_24/tmp/signoff/26-user_project_wrapper.pnl.v
Warning:  A case-insensitive file has been read and so the	verilog file must be treated case-insensitive to match.
Creating placeholder cell definition for module user_proj_example.

Reading setup file /home/vboxuser/caravel_user_project/dependencies/pdks/sky130A/libs.tech/netgen/sky130A_setup.tcl

Comparison output logged to file /home/vboxuser/caravel_user_project/openlane/user_project_wrapper/runs/24_10_18_11_24/logs/signoff/29-user_project_wrapper.lef.lvs.log
Logging to file "/home/vboxuser/caravel_user_project/openlane/user_project_wrapper/runs/24_10_18_11_24/logs/signoff/29-user_project_wrapper.lef.lvs.log" enabled

Contents of circuit 1:  Circuit: 'user_proj_example'
Circuit user_proj_example contains 0 device instances.
Circuit contains 0 nets, and 543 disconnected pins.
Contents of circuit 2:  Circuit: 'user_proj_example'
Circuit user_proj_example contains 0 device instances.
Circuit contains 0 nets.

Circuit user_proj_example contains no devices.

Contents of circuit 1:  Circuit: 'user_project_wrapper'
Circuit user_project_wrapper contains 1 device instances.
  Class: user_proj_example     instances:   1
Circuit contains 543 nets, and 102 disconnected pins.
Contents of circuit 2:  Circuit: 'user_project_wrapper'
Circuit user_project_wrapper contains 1 device instances.
  Class: user_proj_example     instances:   1
Circuit contains 543 nets, and 102 disconnected pins.

Circuit 1 contains 1 devices, Circuit 2 contains 1 devices.
Circuit 1 contains 543 nets,    Circuit 2 contains 543 nets.


Final result: 
Circuits match uniquely.
.
Logging to file "/home/vboxuser/caravel_user_project/openlane/user_project_wrapper/runs/24_10_18_11_24/logs/signoff/29-user_project_wrapper.lef.lvs.log" disabled
LVS Done.
