OpenROAD 41a51eaf4ca2171c92ff38afb91eb37bbd3f36da 
This program is licensed under the BSD-3 license. See the LICENSE file for details.
Components of this program may be licensed under more restrictive licenses which must be honored.
[INFO]: Reading ODB at '/home/vboxuser/caravel_user_project/openlane/user_project_wrapper/runs/24_10_17_20_58/tmp/placement/7-global.odb'…
define_corners Typical
read_liberty -corner Typical /home/vboxuser/caravel_user_project/dependencies/pdks/sky130A/libs.ref/sky130_fd_sc_hd/lib/sky130_fd_sc_hd__tt_025C_1v80.lib
read_liberty -corner Typical /home/vboxuser/caravel_user_project/openlane/user_project_wrapper/../../lib/user_proj_example.lib
Using 1e-12 for capacitance...
Using 1e+03 for resistance...
Using 1e-09 for time...
Using 1e+00 for voltage...
Using 1e-03 for current...
Using 1e-09 for power...
Using 1e-06 for distance...
Reading design constraints file at '/home/vboxuser/caravel_user_project/openlane/user_project_wrapper/runs/24_10_17_20_58/tmp/floorplan/3-initial_fp.sdc'…
Placement Analysis
---------------------------------
total displacement          0.0 u
average displacement        0.0 u
max displacement            0.0 u
original HPWL           74930.8 u
legalized HPWL          74930.8 u
delta HPWL                    0 %

Setting global connections for newly added cells…
Writing OpenROAD database to '/home/vboxuser/caravel_user_project/openlane/user_project_wrapper/runs/24_10_17_20_58/results/placement/user_project_wrapper.odb'…
Writing netlist to '/home/vboxuser/caravel_user_project/openlane/user_project_wrapper/runs/24_10_17_20_58/results/placement/user_project_wrapper.nl.v'…
Writing powered netlist to '/home/vboxuser/caravel_user_project/openlane/user_project_wrapper/runs/24_10_17_20_58/results/placement/user_project_wrapper.pnl.v'…
Writing layout to '/home/vboxuser/caravel_user_project/openlane/user_project_wrapper/runs/24_10_17_20_58/results/placement/user_project_wrapper.def'…
