
===========================================================================
 report_power
============================================================================
======================= Fastest Corner ===================================

Group                  Internal  Switching    Leakage      Total
                          Power      Power      Power      Power (Watts)
----------------------------------------------------------------
Sequential             3.50e-05   4.72e-05   6.47e-10   8.22e-05  14.0%
Combinational          1.28e-04   3.78e-04   2.42e-07   5.06e-04  86.0%
Macro                  0.00e+00   0.00e+00   0.00e+00   0.00e+00   0.0%
Pad                    0.00e+00   0.00e+00   0.00e+00   0.00e+00   0.0%
----------------------------------------------------------------
Total                  1.63e-04   4.25e-04   2.43e-07   5.88e-04 100.0%
                          27.6%      72.3%       0.0%

======================= Slowest Corner ===================================

Group                  Internal  Switching    Leakage      Total
                          Power      Power      Power      Power (Watts)
----------------------------------------------------------------
Sequential             2.39e-05   3.17e-05   5.22e-07   5.62e-05  13.9%
Combinational          8.83e-05   2.55e-04   4.16e-06   3.47e-04  86.1%
Macro                  0.00e+00   0.00e+00   0.00e+00   0.00e+00   0.0%
Pad                    0.00e+00   0.00e+00   0.00e+00   0.00e+00   0.0%
----------------------------------------------------------------
Total                  1.12e-04   2.86e-04   4.69e-06   4.03e-04 100.0%
                          27.8%      71.0%       1.2%

======================= Typical Corner ===================================

Group                  Internal  Switching    Leakage      Total
                          Power      Power      Power      Power (Watts)
----------------------------------------------------------------
Sequential             3.03e-05   4.02e-05   2.84e-10   7.05e-05  14.0%
Combinational          1.10e-04   3.22e-04   2.34e-07   4.32e-04  86.0%
Macro                  0.00e+00   0.00e+00   0.00e+00   0.00e+00   0.0%
Pad                    0.00e+00   0.00e+00   0.00e+00   0.00e+00   0.0%
----------------------------------------------------------------
Total                  1.40e-04   3.63e-04   2.34e-07   5.03e-04 100.0%
                          27.8%      72.1%       0.0%

