
===========================================================================
 report_power
============================================================================
======================= Fastest Corner ===================================

Group                  Internal  Switching    Leakage      Total
                          Power      Power      Power      Power (Watts)
----------------------------------------------------------------
Sequential             3.50e-05   4.83e-05   6.47e-10   8.33e-05  14.0%
Combinational          1.28e-04   3.85e-04   2.42e-07   5.13e-04  86.0%
Macro                  0.00e+00   0.00e+00   0.00e+00   0.00e+00   0.0%
Pad                    0.00e+00   0.00e+00   0.00e+00   0.00e+00   0.0%
----------------------------------------------------------------
Total                  1.63e-04   4.33e-04   2.43e-07   5.96e-04 100.0%
                          27.3%      72.6%       0.0%

======================= Slowest Corner ===================================

Group                  Internal  Switching    Leakage      Total
                          Power      Power      Power      Power (Watts)
----------------------------------------------------------------
Sequential             2.39e-05   3.24e-05   5.22e-07   5.69e-05  13.9%
Combinational          8.83e-05   2.59e-04   4.16e-06   3.52e-04  86.1%
Macro                  0.00e+00   0.00e+00   0.00e+00   0.00e+00   0.0%
Pad                    0.00e+00   0.00e+00   0.00e+00   0.00e+00   0.0%
----------------------------------------------------------------
Total                  1.12e-04   2.92e-04   4.69e-06   4.08e-04 100.0%
                          27.5%      71.4%       1.1%

======================= Typical Corner ===================================

Group                  Internal  Switching    Leakage      Total
                          Power      Power      Power      Power (Watts)
----------------------------------------------------------------
Sequential             3.03e-05   4.11e-05   2.84e-10   7.14e-05  14.0%
Combinational          1.10e-04   3.28e-04   2.34e-07   4.38e-04  86.0%
Macro                  0.00e+00   0.00e+00   0.00e+00   0.00e+00   0.0%
Pad                    0.00e+00   0.00e+00   0.00e+00   0.00e+00   0.0%
----------------------------------------------------------------
Total                  1.40e-04   3.69e-04   2.34e-07   5.09e-04 100.0%
                          27.5%      72.5%       0.0%

