
===========================================================================
report_checks -path_delay max (Setup)
============================================================================
======================= Typical Corner ===================================

Startpoint: mprj/_004_ (rising edge-triggered flip-flop clocked by clk)
Endpoint: la_data_out[0] (output port clocked by clk)
Path Group: clk
Path Type: max

Fanout     Cap    Slew   Delay    Time   Description
-----------------------------------------------------------------------------
                          0.00    0.00   clock clk (rise edge)
                          5.57    5.57   clock source latency
                  0.61    0.00    5.57 ^ wb_clk_i (in)
     1    0.03                           wb_clk_i (net)
                  0.61    0.00    5.57 ^ mprj/clkbuf_0_wb_clk_i/A (sky130_fd_sc_hd__clkbuf_16)
                  0.06    0.27    5.84 ^ mprj/clkbuf_0_wb_clk_i/X (sky130_fd_sc_hd__clkbuf_16)
     2    0.02                           mprj/clknet_0_wb_clk_i (net)
                  0.06    0.00    5.85 ^ mprj/clkbuf_1_0__f_wb_clk_i/A (sky130_fd_sc_hd__clkbuf_16)
                  0.03    0.12    5.97 ^ mprj/clkbuf_1_0__f_wb_clk_i/X (sky130_fd_sc_hd__clkbuf_16)
     2    0.01                           mprj/clknet_1_0__leaf_wb_clk_i (net)
                  0.03    0.00    5.97 ^ mprj/_004_/CLK (sky130_fd_sc_hd__dfxtp_1)
                  0.04    0.31    6.28 ^ mprj/_004_/Q (sky130_fd_sc_hd__dfxtp_1)
     1    0.00                           mprj/net2 (net)
                  0.04    0.00    6.28 ^ mprj/hold6/A (sky130_fd_sc_hd__dlygate4sd3_1)
                  0.05    0.56    6.83 ^ mprj/hold6/X (sky130_fd_sc_hd__dlygate4sd3_1)
     1    0.00                           mprj/net135 (net)
                  0.05    0.00    6.83 ^ mprj/hold3/A (sky130_fd_sc_hd__dlygate4sd3_1)
                  0.09    0.60    7.43 ^ mprj/hold3/X (sky130_fd_sc_hd__dlygate4sd3_1)
     2    0.01                           mprj/net132 (net)
                  0.09    0.00    7.43 ^ mprj/hold7/A (sky130_fd_sc_hd__dlygate4sd3_1)
                  0.08    0.61    8.04 ^ mprj/hold7/X (sky130_fd_sc_hd__dlygate4sd3_1)
     1    0.01                           mprj/net136 (net)
                  0.08    0.00    8.04 ^ mprj/output2/A (sky130_fd_sc_hd__buf_6)
                  0.03    0.11    8.15 ^ mprj/output2/X (sky130_fd_sc_hd__buf_6)
     1    0.01                           mprj/net133 (net)
                  0.03    0.00    8.15 ^ mprj/hold4/A (sky130_fd_sc_hd__buf_12)
                  0.33    0.30    8.45 ^ mprj/hold4/X (sky130_fd_sc_hd__buf_12)
     1    0.29                           la_data_out[0] (net)
                  0.34    0.03    8.48 ^ la_data_out[0] (out)
                                  8.48   data arrival time

                         25.00   25.00   clock clk (rise edge)
                          4.65   29.65   clock network delay (propagated)
                         -0.25   29.40   clock uncertainty
                          0.00   29.40   clock reconvergence pessimism
                         -1.00   28.40   output external delay
                                 28.40   data required time
-----------------------------------------------------------------------------
                                 28.40   data required time
                                 -8.48   data arrival time
-----------------------------------------------------------------------------
                                 19.92   slack (MET)


Startpoint: mprj/_003_ (rising edge-triggered flip-flop clocked by clk)
Endpoint: la_data_out[1] (output port clocked by clk)
Path Group: clk
Path Type: max

Fanout     Cap    Slew   Delay    Time   Description
-----------------------------------------------------------------------------
                          0.00    0.00   clock clk (rise edge)
                          5.57    5.57   clock source latency
                  0.61    0.00    5.57 ^ wb_clk_i (in)
     1    0.03                           wb_clk_i (net)
                  0.61    0.00    5.57 ^ mprj/clkbuf_0_wb_clk_i/A (sky130_fd_sc_hd__clkbuf_16)
                  0.06    0.27    5.84 ^ mprj/clkbuf_0_wb_clk_i/X (sky130_fd_sc_hd__clkbuf_16)
     2    0.02                           mprj/clknet_0_wb_clk_i (net)
                  0.06    0.00    5.85 ^ mprj/clkbuf_1_1__f_wb_clk_i/A (sky130_fd_sc_hd__clkbuf_16)
                  0.03    0.12    5.96 ^ mprj/clkbuf_1_1__f_wb_clk_i/X (sky130_fd_sc_hd__clkbuf_16)
     1    0.00                           mprj/clknet_1_1__leaf_wb_clk_i (net)
                  0.03    0.00    5.96 ^ mprj/_003_/CLK (sky130_fd_sc_hd__dfxtp_1)
                  0.04    0.31    6.27 ^ mprj/_003_/Q (sky130_fd_sc_hd__dfxtp_1)
     1    0.00                           mprj/net3 (net)
                  0.04    0.00    6.27 ^ mprj/hold8/A (sky130_fd_sc_hd__dlygate4sd3_1)
                  0.05    0.55    6.82 ^ mprj/hold8/X (sky130_fd_sc_hd__dlygate4sd3_1)
     1    0.00                           mprj/net137 (net)
                  0.05    0.00    6.82 ^ mprj/hold1/A (sky130_fd_sc_hd__dlygate4sd3_1)
                  0.05    0.55    7.38 ^ mprj/hold1/X (sky130_fd_sc_hd__dlygate4sd3_1)
     1    0.00                           mprj/net130 (net)
                  0.05    0.00    7.38 ^ mprj/hold9/A (sky130_fd_sc_hd__dlygate4sd3_1)
                  0.07    0.58    7.96 ^ mprj/hold9/X (sky130_fd_sc_hd__dlygate4sd3_1)
     1    0.00                           mprj/net138 (net)
                  0.07    0.00    7.96 ^ mprj/output3/A (sky130_fd_sc_hd__buf_6)
                  0.03    0.10    8.06 ^ mprj/output3/X (sky130_fd_sc_hd__buf_6)
     1    0.01                           mprj/net131 (net)
                  0.03    0.00    8.06 ^ mprj/hold2/A (sky130_fd_sc_hd__buf_12)
                  0.31    0.27    8.33 ^ mprj/hold2/X (sky130_fd_sc_hd__buf_12)
     1    0.28                           la_data_out[1] (net)
                  0.33    0.05    8.39 ^ la_data_out[1] (out)
                                  8.39   data arrival time

                         25.00   25.00   clock clk (rise edge)
                          4.65   29.65   clock network delay (propagated)
                         -0.25   29.40   clock uncertainty
                          0.00   29.40   clock reconvergence pessimism
                         -1.00   28.40   output external delay
                                 28.40   data required time
-----------------------------------------------------------------------------
                                 28.40   data required time
                                 -8.39   data arrival time
-----------------------------------------------------------------------------
                                 20.01   slack (MET)


Startpoint: la_data_in[0] (input port clocked by clk)
Endpoint: mprj/_002_ (rising edge-triggered flip-flop clocked by clk)
Path Group: clk
Path Type: max

Fanout     Cap    Slew   Delay    Time   Description
-----------------------------------------------------------------------------
                          0.00    0.00   clock clk (rise edge)
                          5.57    5.57   clock network delay (propagated)
                          1.87    7.44 v input external delay
                  0.86    0.00    7.44 v la_data_in[0] (in)
     1    0.07                           la_data_in[0] (net)
                  0.87    0.00    7.44 v mprj/input1/A (sky130_fd_sc_hd__clkbuf_1)
                  0.04    0.29    7.74 v mprj/input1/X (sky130_fd_sc_hd__clkbuf_1)
     1    0.00                           mprj/net1 (net)
                  0.04    0.00    7.74 v mprj/_002_/D (sky130_fd_sc_hd__dfxtp_1)
                                  7.74   data arrival time

                         25.00   25.00   clock clk (rise edge)
                          4.65   29.65   clock source latency
                  0.61    0.00   29.65 ^ wb_clk_i (in)
     1    0.03                           wb_clk_i (net)
                  0.61    0.00   29.65 ^ mprj/clkbuf_0_wb_clk_i/A (sky130_fd_sc_hd__clkbuf_16)
                  0.06    0.25   29.90 ^ mprj/clkbuf_0_wb_clk_i/X (sky130_fd_sc_hd__clkbuf_16)
     2    0.02                           mprj/clknet_0_wb_clk_i (net)
                  0.06    0.00   29.90 ^ mprj/clkbuf_1_0__f_wb_clk_i/A (sky130_fd_sc_hd__clkbuf_16)
                  0.03    0.11   30.01 ^ mprj/clkbuf_1_0__f_wb_clk_i/X (sky130_fd_sc_hd__clkbuf_16)
     2    0.01                           mprj/clknet_1_0__leaf_wb_clk_i (net)
                  0.03    0.00   30.01 ^ mprj/_002_/CLK (sky130_fd_sc_hd__dfxtp_1)
                         -0.25   29.76   clock uncertainty
                          0.00   29.76   clock reconvergence pessimism
                         -0.11   29.65   library setup time
                                 29.65   data required time
-----------------------------------------------------------------------------
                                 29.65   data required time
                                 -7.74   data arrival time
-----------------------------------------------------------------------------
                                 21.91   slack (MET)


Startpoint: mprj/_004_ (rising edge-triggered flip-flop clocked by clk)
Endpoint: mprj/_003_ (rising edge-triggered flip-flop clocked by clk)
Path Group: clk
Path Type: max

Fanout     Cap    Slew   Delay    Time   Description
-----------------------------------------------------------------------------
                          0.00    0.00   clock clk (rise edge)
                          5.57    5.57   clock source latency
                  0.61    0.00    5.57 ^ wb_clk_i (in)
     1    0.03                           wb_clk_i (net)
                  0.61    0.00    5.57 ^ mprj/clkbuf_0_wb_clk_i/A (sky130_fd_sc_hd__clkbuf_16)
                  0.06    0.27    5.84 ^ mprj/clkbuf_0_wb_clk_i/X (sky130_fd_sc_hd__clkbuf_16)
     2    0.02                           mprj/clknet_0_wb_clk_i (net)
                  0.06    0.00    5.85 ^ mprj/clkbuf_1_0__f_wb_clk_i/A (sky130_fd_sc_hd__clkbuf_16)
                  0.03    0.12    5.97 ^ mprj/clkbuf_1_0__f_wb_clk_i/X (sky130_fd_sc_hd__clkbuf_16)
     2    0.01                           mprj/clknet_1_0__leaf_wb_clk_i (net)
                  0.03    0.00    5.97 ^ mprj/_004_/CLK (sky130_fd_sc_hd__dfxtp_1)
                  0.04    0.31    6.28 ^ mprj/_004_/Q (sky130_fd_sc_hd__dfxtp_1)
     1    0.00                           mprj/net2 (net)
                  0.04    0.00    6.28 ^ mprj/hold6/A (sky130_fd_sc_hd__dlygate4sd3_1)
                  0.05    0.56    6.83 ^ mprj/hold6/X (sky130_fd_sc_hd__dlygate4sd3_1)
     1    0.00                           mprj/net135 (net)
                  0.05    0.00    6.83 ^ mprj/hold3/A (sky130_fd_sc_hd__dlygate4sd3_1)
                  0.09    0.60    7.43 ^ mprj/hold3/X (sky130_fd_sc_hd__dlygate4sd3_1)
     2    0.01                           mprj/net132 (net)
                  0.09    0.00    7.43 ^ mprj/_001_/A (sky130_fd_sc_hd__inv_2)
                  0.02    0.03    7.47 v mprj/_001_/Y (sky130_fd_sc_hd__inv_2)
     1    0.00                           mprj/_000_ (net)
                  0.02    0.00    7.47 v mprj/_003_/D (sky130_fd_sc_hd__dfxtp_1)
                                  7.47   data arrival time

                         25.00   25.00   clock clk (rise edge)
                          4.65   29.65   clock source latency
                  0.61    0.00   29.65 ^ wb_clk_i (in)
     1    0.03                           wb_clk_i (net)
                  0.61    0.00   29.65 ^ mprj/clkbuf_0_wb_clk_i/A (sky130_fd_sc_hd__clkbuf_16)
                  0.06    0.25   29.90 ^ mprj/clkbuf_0_wb_clk_i/X (sky130_fd_sc_hd__clkbuf_16)
     2    0.02                           mprj/clknet_0_wb_clk_i (net)
                  0.06    0.00   29.90 ^ mprj/clkbuf_1_1__f_wb_clk_i/A (sky130_fd_sc_hd__clkbuf_16)
                  0.03    0.11   30.01 ^ mprj/clkbuf_1_1__f_wb_clk_i/X (sky130_fd_sc_hd__clkbuf_16)
     1    0.00                           mprj/clknet_1_1__leaf_wb_clk_i (net)
                  0.03    0.00   30.01 ^ mprj/_003_/CLK (sky130_fd_sc_hd__dfxtp_1)
                         -0.25   29.76   clock uncertainty
                          0.95   30.70   clock reconvergence pessimism
                         -0.10   30.60   library setup time
                                 30.60   data required time
-----------------------------------------------------------------------------
                                 30.60   data required time
                                 -7.47   data arrival time
-----------------------------------------------------------------------------
                                 23.13   slack (MET)


Startpoint: mprj/_002_ (rising edge-triggered flip-flop clocked by clk)
Endpoint: mprj/_004_ (rising edge-triggered flip-flop clocked by clk)
Path Group: clk
Path Type: max

Fanout     Cap    Slew   Delay    Time   Description
-----------------------------------------------------------------------------
                          0.00    0.00   clock clk (rise edge)
                          5.57    5.57   clock source latency
                  0.61    0.00    5.57 ^ wb_clk_i (in)
     1    0.03                           wb_clk_i (net)
                  0.61    0.00    5.57 ^ mprj/clkbuf_0_wb_clk_i/A (sky130_fd_sc_hd__clkbuf_16)
                  0.06    0.27    5.84 ^ mprj/clkbuf_0_wb_clk_i/X (sky130_fd_sc_hd__clkbuf_16)
     2    0.02                           mprj/clknet_0_wb_clk_i (net)
                  0.06    0.00    5.85 ^ mprj/clkbuf_1_0__f_wb_clk_i/A (sky130_fd_sc_hd__clkbuf_16)
                  0.03    0.12    5.97 ^ mprj/clkbuf_1_0__f_wb_clk_i/X (sky130_fd_sc_hd__clkbuf_16)
     2    0.01                           mprj/clknet_1_0__leaf_wb_clk_i (net)
                  0.03    0.00    5.97 ^ mprj/_002_/CLK (sky130_fd_sc_hd__dfxtp_1)
                  0.02    0.30    6.27 v mprj/_002_/Q (sky130_fd_sc_hd__dfxtp_1)
     1    0.00                           mprj/counter.d (net)
                  0.02    0.00    6.27 v mprj/hold10/A (sky130_fd_sc_hd__dlygate4sd3_1)
                  0.05    0.56    6.82 v mprj/hold10/X (sky130_fd_sc_hd__dlygate4sd3_1)
     1    0.00                           mprj/net139 (net)
                  0.05    0.00    6.82 v mprj/hold5/A (sky130_fd_sc_hd__dlygate4sd3_1)
                  0.05    0.58    7.40 v mprj/hold5/X (sky130_fd_sc_hd__dlygate4sd3_1)
     1    0.00                           mprj/net134 (net)
                  0.05    0.00    7.40 v mprj/_004_/D (sky130_fd_sc_hd__dfxtp_1)
                                  7.40   data arrival time

                         25.00   25.00   clock clk (rise edge)
                          4.65   29.65   clock source latency
                  0.61    0.00   29.65 ^ wb_clk_i (in)
     1    0.03                           wb_clk_i (net)
                  0.61    0.00   29.65 ^ mprj/clkbuf_0_wb_clk_i/A (sky130_fd_sc_hd__clkbuf_16)
                  0.06    0.25   29.90 ^ mprj/clkbuf_0_wb_clk_i/X (sky130_fd_sc_hd__clkbuf_16)
     2    0.02                           mprj/clknet_0_wb_clk_i (net)
                  0.06    0.00   29.90 ^ mprj/clkbuf_1_0__f_wb_clk_i/A (sky130_fd_sc_hd__clkbuf_16)
                  0.03    0.11   30.01 ^ mprj/clkbuf_1_0__f_wb_clk_i/X (sky130_fd_sc_hd__clkbuf_16)
     2    0.01                           mprj/clknet_1_0__leaf_wb_clk_i (net)
                  0.03    0.00   30.01 ^ mprj/_004_/CLK (sky130_fd_sc_hd__dfxtp_1)
                         -0.25   29.76   clock uncertainty
                          0.96   30.72   clock reconvergence pessimism
                         -0.12   30.60   library setup time
                                 30.60   data required time
-----------------------------------------------------------------------------
                                 30.60   data required time
                                 -7.40   data arrival time
-----------------------------------------------------------------------------
                                 23.20   slack (MET)



