
===========================================================================
report_checks -path_delay min (Hold)
============================================================================
======================= Typical Corner ===================================

Startpoint: la_data_in[0] (input port clocked by clk)
Endpoint: mprj/_002_ (rising edge-triggered flip-flop clocked by clk)
Path Group: clk
Path Type: min

Fanout     Cap    Slew   Delay    Time   Description
-----------------------------------------------------------------------------
                          0.00    0.00   clock clk (rise edge)
                          4.65    4.65   clock network delay (propagated)
                          0.18    4.83 ^ input external delay
                  0.07    0.00    4.83 ^ la_data_in[0] (in)
     1    0.08                           la_data_in[0] (net)
                  0.08    0.00    4.83 ^ mprj/input1/A (sky130_fd_sc_hd__clkbuf_1)
                  0.04    0.08    4.91 ^ mprj/input1/X (sky130_fd_sc_hd__clkbuf_1)
     1    0.00                           mprj/net1 (net)
                  0.04    0.00    4.91 ^ mprj/_002_/D (sky130_fd_sc_hd__dfxtp_1)
                                  4.91   data arrival time

                          0.00    0.00   clock clk (rise edge)
                          5.57    5.57   clock source latency
                  0.61    0.00    5.57 ^ wb_clk_i (in)
     1    0.03                           wb_clk_i (net)
                  0.61    0.00    5.57 ^ mprj/clkbuf_0_wb_clk_i/A (sky130_fd_sc_hd__clkbuf_16)
                  0.06    0.27    5.84 ^ mprj/clkbuf_0_wb_clk_i/X (sky130_fd_sc_hd__clkbuf_16)
     2    0.02                           mprj/clknet_0_wb_clk_i (net)
                  0.06    0.00    5.85 ^ mprj/clkbuf_1_0__f_wb_clk_i/A (sky130_fd_sc_hd__clkbuf_16)
                  0.03    0.12    5.97 ^ mprj/clkbuf_1_0__f_wb_clk_i/X (sky130_fd_sc_hd__clkbuf_16)
     2    0.01                           mprj/clknet_1_0__leaf_wb_clk_i (net)
                  0.03    0.00    5.97 ^ mprj/_002_/CLK (sky130_fd_sc_hd__dfxtp_1)
                          0.25    6.22   clock uncertainty
                          0.00    6.22   clock reconvergence pessimism
                         -0.03    6.19   library hold time
                                  6.19   data required time
-----------------------------------------------------------------------------
                                  6.19   data required time
                                 -4.91   data arrival time
-----------------------------------------------------------------------------
                                 -1.27   slack (VIOLATED)


Startpoint: mprj/_002_ (rising edge-triggered flip-flop clocked by clk)
Endpoint: mprj/_004_ (rising edge-triggered flip-flop clocked by clk)
Path Group: clk
Path Type: min

Fanout     Cap    Slew   Delay    Time   Description
-----------------------------------------------------------------------------
                          0.00    0.00   clock clk (rise edge)
                          4.65    4.65   clock source latency
                  0.61    0.00    4.65 ^ wb_clk_i (in)
     1    0.03                           wb_clk_i (net)
                  0.61    0.00    4.65 ^ mprj/clkbuf_0_wb_clk_i/A (sky130_fd_sc_hd__clkbuf_16)
                  0.06    0.25    4.90 ^ mprj/clkbuf_0_wb_clk_i/X (sky130_fd_sc_hd__clkbuf_16)
     2    0.02                           mprj/clknet_0_wb_clk_i (net)
                  0.06    0.00    4.90 ^ mprj/clkbuf_1_0__f_wb_clk_i/A (sky130_fd_sc_hd__clkbuf_16)
                  0.03    0.11    5.01 ^ mprj/clkbuf_1_0__f_wb_clk_i/X (sky130_fd_sc_hd__clkbuf_16)
     2    0.01                           mprj/clknet_1_0__leaf_wb_clk_i (net)
                  0.03    0.00    5.01 ^ mprj/_002_/CLK (sky130_fd_sc_hd__dfxtp_1)
                  0.04    0.28    5.29 ^ mprj/_002_/Q (sky130_fd_sc_hd__dfxtp_1)
     1    0.00                           mprj/counter.d (net)
                  0.04    0.00    5.29 ^ mprj/hold10/A (sky130_fd_sc_hd__dlygate4sd3_1)
                  0.05    0.50    5.78 ^ mprj/hold10/X (sky130_fd_sc_hd__dlygate4sd3_1)
     1    0.00                           mprj/net139 (net)
                  0.05    0.00    5.78 ^ mprj/hold5/A (sky130_fd_sc_hd__dlygate4sd3_1)
                  0.05    0.51    6.29 ^ mprj/hold5/X (sky130_fd_sc_hd__dlygate4sd3_1)
     1    0.00                           mprj/net134 (net)
                  0.05    0.00    6.29 ^ mprj/_004_/D (sky130_fd_sc_hd__dfxtp_1)
                                  6.29   data arrival time

                          0.00    0.00   clock clk (rise edge)
                          5.57    5.57   clock source latency
                  0.61    0.00    5.57 ^ wb_clk_i (in)
     1    0.03                           wb_clk_i (net)
                  0.61    0.00    5.57 ^ mprj/clkbuf_0_wb_clk_i/A (sky130_fd_sc_hd__clkbuf_16)
                  0.06    0.27    5.84 ^ mprj/clkbuf_0_wb_clk_i/X (sky130_fd_sc_hd__clkbuf_16)
     2    0.02                           mprj/clknet_0_wb_clk_i (net)
                  0.06    0.00    5.85 ^ mprj/clkbuf_1_0__f_wb_clk_i/A (sky130_fd_sc_hd__clkbuf_16)
                  0.03    0.12    5.97 ^ mprj/clkbuf_1_0__f_wb_clk_i/X (sky130_fd_sc_hd__clkbuf_16)
     2    0.01                           mprj/clknet_1_0__leaf_wb_clk_i (net)
                  0.03    0.00    5.97 ^ mprj/_004_/CLK (sky130_fd_sc_hd__dfxtp_1)
                          0.25    6.22   clock uncertainty
                         -0.96    5.26   clock reconvergence pessimism
                         -0.03    5.23   library hold time
                                  5.23   data required time
-----------------------------------------------------------------------------
                                  5.23   data required time
                                 -6.29   data arrival time
-----------------------------------------------------------------------------
                                  1.07   slack (MET)


Startpoint: mprj/_004_ (rising edge-triggered flip-flop clocked by clk)
Endpoint: mprj/_003_ (rising edge-triggered flip-flop clocked by clk)
Path Group: clk
Path Type: min

Fanout     Cap    Slew   Delay    Time   Description
-----------------------------------------------------------------------------
                          0.00    0.00   clock clk (rise edge)
                          4.65    4.65   clock source latency
                  0.61    0.00    4.65 ^ wb_clk_i (in)
     1    0.03                           wb_clk_i (net)
                  0.61    0.00    4.65 ^ mprj/clkbuf_0_wb_clk_i/A (sky130_fd_sc_hd__clkbuf_16)
                  0.06    0.25    4.90 ^ mprj/clkbuf_0_wb_clk_i/X (sky130_fd_sc_hd__clkbuf_16)
     2    0.02                           mprj/clknet_0_wb_clk_i (net)
                  0.06    0.00    4.90 ^ mprj/clkbuf_1_0__f_wb_clk_i/A (sky130_fd_sc_hd__clkbuf_16)
                  0.03    0.11    5.01 ^ mprj/clkbuf_1_0__f_wb_clk_i/X (sky130_fd_sc_hd__clkbuf_16)
     2    0.01                           mprj/clknet_1_0__leaf_wb_clk_i (net)
                  0.03    0.00    5.01 ^ mprj/_004_/CLK (sky130_fd_sc_hd__dfxtp_1)
                  0.04    0.28    5.29 ^ mprj/_004_/Q (sky130_fd_sc_hd__dfxtp_1)
     1    0.00                           mprj/net2 (net)
                  0.04    0.00    5.29 ^ mprj/hold6/A (sky130_fd_sc_hd__dlygate4sd3_1)
                  0.05    0.50    5.79 ^ mprj/hold6/X (sky130_fd_sc_hd__dlygate4sd3_1)
     1    0.00                           mprj/net135 (net)
                  0.05    0.00    5.79 ^ mprj/hold3/A (sky130_fd_sc_hd__dlygate4sd3_1)
                  0.09    0.55    6.34 ^ mprj/hold3/X (sky130_fd_sc_hd__dlygate4sd3_1)
     2    0.01                           mprj/net132 (net)
                  0.09    0.00    6.34 ^ mprj/_001_/A (sky130_fd_sc_hd__inv_2)
                  0.02    0.03    6.37 v mprj/_001_/Y (sky130_fd_sc_hd__inv_2)
     1    0.00                           mprj/_000_ (net)
                  0.02    0.00    6.37 v mprj/_003_/D (sky130_fd_sc_hd__dfxtp_1)
                                  6.37   data arrival time

                          0.00    0.00   clock clk (rise edge)
                          5.57    5.57   clock source latency
                  0.61    0.00    5.57 ^ wb_clk_i (in)
     1    0.03                           wb_clk_i (net)
                  0.61    0.00    5.57 ^ mprj/clkbuf_0_wb_clk_i/A (sky130_fd_sc_hd__clkbuf_16)
                  0.06    0.27    5.84 ^ mprj/clkbuf_0_wb_clk_i/X (sky130_fd_sc_hd__clkbuf_16)
     2    0.02                           mprj/clknet_0_wb_clk_i (net)
                  0.06    0.00    5.85 ^ mprj/clkbuf_1_1__f_wb_clk_i/A (sky130_fd_sc_hd__clkbuf_16)
                  0.03    0.12    5.96 ^ mprj/clkbuf_1_1__f_wb_clk_i/X (sky130_fd_sc_hd__clkbuf_16)
     1    0.00                           mprj/clknet_1_1__leaf_wb_clk_i (net)
                  0.03    0.00    5.96 ^ mprj/_003_/CLK (sky130_fd_sc_hd__dfxtp_1)
                          0.25    6.21   clock uncertainty
                         -0.95    5.27   clock reconvergence pessimism
                         -0.05    5.22   library hold time
                                  5.22   data required time
-----------------------------------------------------------------------------
                                  5.22   data required time
                                 -6.37   data arrival time
-----------------------------------------------------------------------------
                                  1.15   slack (MET)


Startpoint: mprj/_003_ (rising edge-triggered flip-flop clocked by clk)
Endpoint: la_data_out[1] (output port clocked by clk)
Path Group: clk
Path Type: min

Fanout     Cap    Slew   Delay    Time   Description
-----------------------------------------------------------------------------
                          0.00    0.00   clock clk (rise edge)
                          4.65    4.65   clock source latency
                  0.61    0.00    4.65 ^ wb_clk_i (in)
     1    0.03                           wb_clk_i (net)
                  0.61    0.00    4.65 ^ mprj/clkbuf_0_wb_clk_i/A (sky130_fd_sc_hd__clkbuf_16)
                  0.06    0.25    4.90 ^ mprj/clkbuf_0_wb_clk_i/X (sky130_fd_sc_hd__clkbuf_16)
     2    0.02                           mprj/clknet_0_wb_clk_i (net)
                  0.06    0.00    4.90 ^ mprj/clkbuf_1_1__f_wb_clk_i/A (sky130_fd_sc_hd__clkbuf_16)
                  0.03    0.11    5.01 ^ mprj/clkbuf_1_1__f_wb_clk_i/X (sky130_fd_sc_hd__clkbuf_16)
     1    0.00                           mprj/clknet_1_1__leaf_wb_clk_i (net)
                  0.03    0.00    5.01 ^ mprj/_003_/CLK (sky130_fd_sc_hd__dfxtp_1)
                  0.03    0.27    5.27 v mprj/_003_/Q (sky130_fd_sc_hd__dfxtp_1)
     1    0.00                           mprj/net3 (net)
                  0.03    0.00    5.27 v mprj/hold8/A (sky130_fd_sc_hd__dlygate4sd3_1)
                  0.05    0.51    5.78 v mprj/hold8/X (sky130_fd_sc_hd__dlygate4sd3_1)
     1    0.00                           mprj/net137 (net)
                  0.05    0.00    5.78 v mprj/hold1/A (sky130_fd_sc_hd__dlygate4sd3_1)
                  0.05    0.51    6.29 v mprj/hold1/X (sky130_fd_sc_hd__dlygate4sd3_1)
     1    0.00                           mprj/net130 (net)
                  0.05    0.00    6.29 v mprj/hold9/A (sky130_fd_sc_hd__dlygate4sd3_1)
                  0.06    0.53    6.83 v mprj/hold9/X (sky130_fd_sc_hd__dlygate4sd3_1)
     1    0.00                           mprj/net138 (net)
                  0.06    0.00    6.83 v mprj/output3/A (sky130_fd_sc_hd__buf_6)
                  0.02    0.12    6.94 v mprj/output3/X (sky130_fd_sc_hd__buf_6)
     1    0.01                           mprj/net131 (net)
                  0.02    0.00    6.94 v mprj/hold2/A (sky130_fd_sc_hd__buf_12)
                  0.14    0.17    7.12 v mprj/hold2/X (sky130_fd_sc_hd__buf_12)
     1    0.28                           la_data_out[1] (net)
                  0.17    0.05    7.16 v la_data_out[1] (out)
                                  7.16   data arrival time

                          0.00    0.00   clock clk (rise edge)
                          5.57    5.57   clock network delay (propagated)
                          0.25    5.82   clock uncertainty
                          0.00    5.82   clock reconvergence pessimism
                          0.00    5.82   output external delay
                                  5.82   data required time
-----------------------------------------------------------------------------
                                  5.82   data required time
                                 -7.16   data arrival time
-----------------------------------------------------------------------------
                                  1.34   slack (MET)


Startpoint: mprj/_004_ (rising edge-triggered flip-flop clocked by clk)
Endpoint: la_data_out[0] (output port clocked by clk)
Path Group: clk
Path Type: min

Fanout     Cap    Slew   Delay    Time   Description
-----------------------------------------------------------------------------
                          0.00    0.00   clock clk (rise edge)
                          4.65    4.65   clock source latency
                  0.61    0.00    4.65 ^ wb_clk_i (in)
     1    0.03                           wb_clk_i (net)
                  0.61    0.00    4.65 ^ mprj/clkbuf_0_wb_clk_i/A (sky130_fd_sc_hd__clkbuf_16)
                  0.06    0.25    4.90 ^ mprj/clkbuf_0_wb_clk_i/X (sky130_fd_sc_hd__clkbuf_16)
     2    0.02                           mprj/clknet_0_wb_clk_i (net)
                  0.06    0.00    4.90 ^ mprj/clkbuf_1_0__f_wb_clk_i/A (sky130_fd_sc_hd__clkbuf_16)
                  0.03    0.11    5.01 ^ mprj/clkbuf_1_0__f_wb_clk_i/X (sky130_fd_sc_hd__clkbuf_16)
     2    0.01                           mprj/clknet_1_0__leaf_wb_clk_i (net)
                  0.03    0.00    5.01 ^ mprj/_004_/CLK (sky130_fd_sc_hd__dfxtp_1)
                  0.02    0.27    5.28 v mprj/_004_/Q (sky130_fd_sc_hd__dfxtp_1)
     1    0.00                           mprj/net2 (net)
                  0.02    0.00    5.28 v mprj/hold6/A (sky130_fd_sc_hd__dlygate4sd3_1)
                  0.05    0.51    5.79 v mprj/hold6/X (sky130_fd_sc_hd__dlygate4sd3_1)
     1    0.00                           mprj/net135 (net)
                  0.05    0.00    5.79 v mprj/hold3/A (sky130_fd_sc_hd__dlygate4sd3_1)
                  0.07    0.55    6.34 v mprj/hold3/X (sky130_fd_sc_hd__dlygate4sd3_1)
     2    0.01                           mprj/net132 (net)
                  0.07    0.00    6.34 v mprj/hold7/A (sky130_fd_sc_hd__dlygate4sd3_1)
                  0.07    0.55    6.89 v mprj/hold7/X (sky130_fd_sc_hd__dlygate4sd3_1)
     1    0.01                           mprj/net136 (net)
                  0.07    0.00    6.89 v mprj/output2/A (sky130_fd_sc_hd__buf_6)
                  0.02    0.12    7.01 v mprj/output2/X (sky130_fd_sc_hd__buf_6)
     1    0.01                           mprj/net133 (net)
                  0.02    0.00    7.01 v mprj/hold4/A (sky130_fd_sc_hd__buf_12)
                  0.15    0.19    7.20 v mprj/hold4/X (sky130_fd_sc_hd__buf_12)
     1    0.29                           la_data_out[0] (net)
                  0.16    0.03    7.23 v la_data_out[0] (out)
                                  7.23   data arrival time

                          0.00    0.00   clock clk (rise edge)
                          5.57    5.57   clock network delay (propagated)
                          0.25    5.82   clock uncertainty
                          0.00    5.82   clock reconvergence pessimism
                          0.00    5.82   output external delay
                                  5.82   data required time
-----------------------------------------------------------------------------
                                  5.82   data required time
                                 -7.23   data arrival time
-----------------------------------------------------------------------------
                                  1.41   slack (MET)



