
===========================================================================
 report_power
============================================================================
======================= Fastest Corner ===================================

Group                  Internal  Switching    Leakage      Total
                          Power      Power      Power      Power (Watts)
----------------------------------------------------------------
Sequential             3.50e-05   4.31e-05   6.47e-10   7.81e-05  13.8%
Combinational          1.27e-04   3.62e-04   2.42e-07   4.89e-04  86.2%
Macro                  0.00e+00   0.00e+00   0.00e+00   0.00e+00   0.0%
Pad                    0.00e+00   0.00e+00   0.00e+00   0.00e+00   0.0%
----------------------------------------------------------------
Total                  1.62e-04   4.05e-04   2.43e-07   5.67e-04 100.0%
                          28.6%      71.4%       0.0%

======================= Slowest Corner ===================================

Group                  Internal  Switching    Leakage      Total
                          Power      Power      Power      Power (Watts)
----------------------------------------------------------------
Sequential             2.39e-05   2.90e-05   5.22e-07   5.35e-05  13.7%
Combinational          8.83e-05   2.43e-04   4.16e-06   3.36e-04  86.3%
Macro                  0.00e+00   0.00e+00   0.00e+00   0.00e+00   0.0%
Pad                    0.00e+00   0.00e+00   0.00e+00   0.00e+00   0.0%
----------------------------------------------------------------
Total                  1.12e-04   2.72e-04   4.69e-06   3.89e-04 100.0%
                          28.8%      70.0%       1.2%

======================= Typical Corner ===================================

Group                  Internal  Switching    Leakage      Total
                          Power      Power      Power      Power (Watts)
----------------------------------------------------------------
Sequential             3.03e-05   3.68e-05   2.84e-10   6.71e-05  13.8%
Combinational          1.10e-04   3.08e-04   2.34e-07   4.18e-04  86.2%
Macro                  0.00e+00   0.00e+00   0.00e+00   0.00e+00   0.0%
Pad                    0.00e+00   0.00e+00   0.00e+00   0.00e+00   0.0%
----------------------------------------------------------------
Total                  1.40e-04   3.45e-04   2.34e-07   4.85e-04 100.0%
                          28.8%      71.1%       0.0%

