
===========================================================================
 report_power
============================================================================
======================= Fastest Corner ===================================

Group                  Internal  Switching    Leakage      Total
                          Power      Power      Power      Power (Watts)
----------------------------------------------------------------
Sequential             5.89e-06   6.12e-08   4.35e-11   5.95e-06  14.3%
Combinational          2.62e-05   9.43e-06   2.31e-07   3.58e-05  85.7%
Macro                  0.00e+00   0.00e+00   0.00e+00   0.00e+00   0.0%
Pad                    0.00e+00   0.00e+00   0.00e+00   0.00e+00   0.0%
----------------------------------------------------------------
Total                  3.21e-05   9.49e-06   2.31e-07   4.18e-05 100.0%
                          76.7%      22.7%       0.6%

======================= Slowest Corner ===================================

Group                  Internal  Switching    Leakage      Total
                          Power      Power      Power      Power (Watts)
----------------------------------------------------------------
Sequential             4.00e-06   3.79e-08   4.40e-08   4.08e-06  14.3%
Combinational          1.77e-05   6.25e-06   3.94e-07   2.43e-05  85.7%
Macro                  0.00e+00   0.00e+00   0.00e+00   0.00e+00   0.0%
Pad                    0.00e+00   0.00e+00   0.00e+00   0.00e+00   0.0%
----------------------------------------------------------------
Total                  2.17e-05   6.29e-06   4.38e-07   2.84e-05 100.0%
                          76.3%      22.1%       1.5%

======================= Typical Corner ===================================

Group                  Internal  Switching    Leakage      Total
                          Power      Power      Power      Power (Watts)
----------------------------------------------------------------
Sequential             5.08e-06   4.99e-08   2.53e-11   5.13e-06  14.5%
Combinational          2.20e-05   7.99e-06   2.31e-07   3.02e-05  85.5%
Macro                  0.00e+00   0.00e+00   0.00e+00   0.00e+00   0.0%
Pad                    0.00e+00   0.00e+00   0.00e+00   0.00e+00   0.0%
----------------------------------------------------------------
Total                  2.70e-05   8.04e-06   2.31e-07   3.53e-05 100.0%
                          76.6%      22.8%       0.7%

