
===========================================================================
report_checks -path_delay min (Hold)
============================================================================
======================= Fastest Corner ===================================

Startpoint: la_data_in[0] (input port clocked by clk)
Endpoint: mprj/_002_ (rising edge-triggered flip-flop clocked by clk)
Path Group: clk
Path Type: min
Corner: Fastest

Fanout     Cap    Slew   Delay    Time   Description
-----------------------------------------------------------------------------
                          0.00    0.00   clock clk (rise edge)
                          4.65    4.65   clock network delay (propagated)
                          0.18    4.83 ^ input external delay
                  0.07    0.00    4.83 ^ la_data_in[0] (in)
     1    0.08                           la_data_in[0] (net)
                  0.08    0.00    4.83 ^ mprj/input1/A (sky130_fd_sc_hd__clkbuf_1)
                  0.03    0.05    4.88 ^ mprj/input1/X (sky130_fd_sc_hd__clkbuf_1)
     1    0.00                           mprj/net1 (net)
                  0.03    0.00    4.88 ^ mprj/_002_/D (sky130_fd_sc_hd__dfxtp_1)
                                  4.88   data arrival time

                          0.00    0.00   clock clk (rise edge)
                          5.57    5.57   clock source latency
                  0.61    0.00    5.57 ^ wb_clk_i (in)
     1    0.03                           wb_clk_i (net)
                  0.61    0.00    5.57 ^ mprj/clkbuf_0_wb_clk_i/A (sky130_fd_sc_hd__clkbuf_16)
                  0.05    0.15    5.72 ^ mprj/clkbuf_0_wb_clk_i/X (sky130_fd_sc_hd__clkbuf_16)
     2    0.02                           mprj/clknet_0_wb_clk_i (net)
                  0.05    0.00    5.72 ^ mprj/clkbuf_1_0__f_wb_clk_i/A (sky130_fd_sc_hd__clkbuf_16)
                  0.02    0.08    5.80 ^ mprj/clkbuf_1_0__f_wb_clk_i/X (sky130_fd_sc_hd__clkbuf_16)
     2    0.01                           mprj/clknet_1_0__leaf_wb_clk_i (net)
                  0.02    0.00    5.80 ^ mprj/_002_/CLK (sky130_fd_sc_hd__dfxtp_1)
                          0.25    6.05   clock uncertainty
                          0.00    6.05   clock reconvergence pessimism
                         -0.02    6.04   library hold time
                                  6.04   data required time
-----------------------------------------------------------------------------
                                  6.04   data required time
                                 -4.88   data arrival time
-----------------------------------------------------------------------------
                                 -1.15   slack (VIOLATED)


Startpoint: mprj/_003_ (rising edge-triggered flip-flop clocked by clk)
Endpoint: la_data_out[1] (output port clocked by clk)
Path Group: clk
Path Type: min
Corner: Fastest

Fanout     Cap    Slew   Delay    Time   Description
-----------------------------------------------------------------------------
                          0.00    0.00   clock clk (rise edge)
                          4.65    4.65   clock source latency
                  0.61    0.00    4.65 ^ wb_clk_i (in)
     1    0.03                           wb_clk_i (net)
                  0.61    0.00    4.65 ^ mprj/clkbuf_0_wb_clk_i/A (sky130_fd_sc_hd__clkbuf_16)
                  0.05    0.13    4.78 ^ mprj/clkbuf_0_wb_clk_i/X (sky130_fd_sc_hd__clkbuf_16)
     2    0.02                           mprj/clknet_0_wb_clk_i (net)
                  0.05    0.00    4.78 ^ mprj/clkbuf_1_1__f_wb_clk_i/A (sky130_fd_sc_hd__clkbuf_16)
                  0.02    0.07    4.86 ^ mprj/clkbuf_1_1__f_wb_clk_i/X (sky130_fd_sc_hd__clkbuf_16)
     1    0.00                           mprj/clknet_1_1__leaf_wb_clk_i (net)
                  0.02    0.00    4.86 ^ mprj/_003_/CLK (sky130_fd_sc_hd__dfxtp_1)
                  0.02    0.17    5.03 v mprj/_003_/Q (sky130_fd_sc_hd__dfxtp_1)
     1    0.00                           mprj/net3 (net)
                  0.02    0.00    5.03 v mprj/hold8/A (sky130_fd_sc_hd__dlygate4sd3_1)
                  0.04    0.33    5.36 v mprj/hold8/X (sky130_fd_sc_hd__dlygate4sd3_1)
     1    0.00                           mprj/net137 (net)
                  0.04    0.00    5.36 v mprj/hold1/A (sky130_fd_sc_hd__dlygate4sd3_1)
                  0.03    0.34    5.70 v mprj/hold1/X (sky130_fd_sc_hd__dlygate4sd3_1)
     1    0.00                           mprj/net130 (net)
                  0.03    0.00    5.70 v mprj/hold9/A (sky130_fd_sc_hd__dlygate4sd3_1)
                  0.04    0.35    6.05 v mprj/hold9/X (sky130_fd_sc_hd__dlygate4sd3_1)
     1    0.00                           mprj/net138 (net)
                  0.04    0.00    6.05 v mprj/output3/A (sky130_fd_sc_hd__buf_6)
                  0.02    0.08    6.13 v mprj/output3/X (sky130_fd_sc_hd__buf_6)
     1    0.01                           mprj/net131 (net)
                  0.02    0.00    6.13 v mprj/hold2/A (sky130_fd_sc_hd__buf_12)
                  0.10    0.11    6.24 v mprj/hold2/X (sky130_fd_sc_hd__buf_12)
     1    0.28                           la_data_out[1] (net)
                  0.14    0.05    6.29 v la_data_out[1] (out)
                                  6.29   data arrival time

                          0.00    0.00   clock clk (rise edge)
                          5.57    5.57   clock network delay (propagated)
                          0.25    5.82   clock uncertainty
                          0.00    5.82   clock reconvergence pessimism
                          0.00    5.82   output external delay
                                  5.82   data required time
-----------------------------------------------------------------------------
                                  5.82   data required time
                                 -6.29   data arrival time
-----------------------------------------------------------------------------
                                  0.47   slack (MET)


Startpoint: mprj/_004_ (rising edge-triggered flip-flop clocked by clk)
Endpoint: la_data_out[0] (output port clocked by clk)
Path Group: clk
Path Type: min
Corner: Fastest

Fanout     Cap    Slew   Delay    Time   Description
-----------------------------------------------------------------------------
                          0.00    0.00   clock clk (rise edge)
                          4.65    4.65   clock source latency
                  0.61    0.00    4.65 ^ wb_clk_i (in)
     1    0.03                           wb_clk_i (net)
                  0.61    0.00    4.65 ^ mprj/clkbuf_0_wb_clk_i/A (sky130_fd_sc_hd__clkbuf_16)
                  0.05    0.13    4.78 ^ mprj/clkbuf_0_wb_clk_i/X (sky130_fd_sc_hd__clkbuf_16)
     2    0.02                           mprj/clknet_0_wb_clk_i (net)
                  0.05    0.00    4.78 ^ mprj/clkbuf_1_0__f_wb_clk_i/A (sky130_fd_sc_hd__clkbuf_16)
                  0.02    0.08    4.86 ^ mprj/clkbuf_1_0__f_wb_clk_i/X (sky130_fd_sc_hd__clkbuf_16)
     2    0.01                           mprj/clknet_1_0__leaf_wb_clk_i (net)
                  0.02    0.00    4.86 ^ mprj/_004_/CLK (sky130_fd_sc_hd__dfxtp_1)
                  0.02    0.17    5.03 v mprj/_004_/Q (sky130_fd_sc_hd__dfxtp_1)
     1    0.00                           mprj/net2 (net)
                  0.02    0.00    5.03 v mprj/hold6/A (sky130_fd_sc_hd__dlygate4sd3_1)
                  0.04    0.34    5.37 v mprj/hold6/X (sky130_fd_sc_hd__dlygate4sd3_1)
     1    0.00                           mprj/net135 (net)
                  0.04    0.00    5.37 v mprj/hold3/A (sky130_fd_sc_hd__dlygate4sd3_1)
                  0.05    0.36    5.73 v mprj/hold3/X (sky130_fd_sc_hd__dlygate4sd3_1)
     2    0.01                           mprj/net132 (net)
                  0.05    0.00    5.73 v mprj/hold7/A (sky130_fd_sc_hd__dlygate4sd3_1)
                  0.05    0.36    6.10 v mprj/hold7/X (sky130_fd_sc_hd__dlygate4sd3_1)
     1    0.01                           mprj/net136 (net)
                  0.05    0.00    6.10 v mprj/output2/A (sky130_fd_sc_hd__buf_6)
                  0.02    0.08    6.17 v mprj/output2/X (sky130_fd_sc_hd__buf_6)
     1    0.01                           mprj/net133 (net)
                  0.02    0.00    6.17 v mprj/hold4/A (sky130_fd_sc_hd__buf_12)
                  0.11    0.13    6.30 v mprj/hold4/X (sky130_fd_sc_hd__buf_12)
     1    0.29                           la_data_out[0] (net)
                  0.12    0.03    6.33 v la_data_out[0] (out)
                                  6.33   data arrival time

                          0.00    0.00   clock clk (rise edge)
                          5.57    5.57   clock network delay (propagated)
                          0.25    5.82   clock uncertainty
                          0.00    5.82   clock reconvergence pessimism
                          0.00    5.82   output external delay
                                  5.82   data required time
-----------------------------------------------------------------------------
                                  5.82   data required time
                                 -6.33   data arrival time
-----------------------------------------------------------------------------
                                  0.51   slack (MET)


Startpoint: mprj/_002_ (rising edge-triggered flip-flop clocked by clk)
Endpoint: mprj/_004_ (rising edge-triggered flip-flop clocked by clk)
Path Group: clk
Path Type: min
Corner: Fastest

Fanout     Cap    Slew   Delay    Time   Description
-----------------------------------------------------------------------------
                          0.00    0.00   clock clk (rise edge)
                          4.65    4.65   clock source latency
                  0.61    0.00    4.65 ^ wb_clk_i (in)
     1    0.03                           wb_clk_i (net)
                  0.61    0.00    4.65 ^ mprj/clkbuf_0_wb_clk_i/A (sky130_fd_sc_hd__clkbuf_16)
                  0.05    0.13    4.78 ^ mprj/clkbuf_0_wb_clk_i/X (sky130_fd_sc_hd__clkbuf_16)
     2    0.02                           mprj/clknet_0_wb_clk_i (net)
                  0.05    0.00    4.78 ^ mprj/clkbuf_1_0__f_wb_clk_i/A (sky130_fd_sc_hd__clkbuf_16)
                  0.02    0.08    4.86 ^ mprj/clkbuf_1_0__f_wb_clk_i/X (sky130_fd_sc_hd__clkbuf_16)
     2    0.01                           mprj/clknet_1_0__leaf_wb_clk_i (net)
                  0.02    0.00    4.86 ^ mprj/_002_/CLK (sky130_fd_sc_hd__dfxtp_1)
                  0.03    0.17    5.03 ^ mprj/_002_/Q (sky130_fd_sc_hd__dfxtp_1)
     1    0.00                           mprj/counter.d (net)
                  0.03    0.00    5.03 ^ mprj/hold10/A (sky130_fd_sc_hd__dlygate4sd3_1)
                  0.03    0.35    5.38 ^ mprj/hold10/X (sky130_fd_sc_hd__dlygate4sd3_1)
     1    0.00                           mprj/net139 (net)
                  0.03    0.00    5.38 ^ mprj/hold5/A (sky130_fd_sc_hd__dlygate4sd3_1)
                  0.04    0.35    5.73 ^ mprj/hold5/X (sky130_fd_sc_hd__dlygate4sd3_1)
     1    0.00                           mprj/net134 (net)
                  0.04    0.00    5.73 ^ mprj/_004_/D (sky130_fd_sc_hd__dfxtp_1)
                                  5.73   data arrival time

                          0.00    0.00   clock clk (rise edge)
                          5.57    5.57   clock source latency
                  0.61    0.00    5.57 ^ wb_clk_i (in)
     1    0.03                           wb_clk_i (net)
                  0.61    0.00    5.57 ^ mprj/clkbuf_0_wb_clk_i/A (sky130_fd_sc_hd__clkbuf_16)
                  0.05    0.15    5.72 ^ mprj/clkbuf_0_wb_clk_i/X (sky130_fd_sc_hd__clkbuf_16)
     2    0.02                           mprj/clknet_0_wb_clk_i (net)
                  0.05    0.00    5.72 ^ mprj/clkbuf_1_0__f_wb_clk_i/A (sky130_fd_sc_hd__clkbuf_16)
                  0.02    0.08    5.80 ^ mprj/clkbuf_1_0__f_wb_clk_i/X (sky130_fd_sc_hd__clkbuf_16)
     2    0.01                           mprj/clknet_1_0__leaf_wb_clk_i (net)
                  0.02    0.00    5.80 ^ mprj/_004_/CLK (sky130_fd_sc_hd__dfxtp_1)
                          0.25    6.05   clock uncertainty
                         -0.94    5.11   clock reconvergence pessimism
                         -0.02    5.09   library hold time
                                  5.09   data required time
-----------------------------------------------------------------------------
                                  5.09   data required time
                                 -5.73   data arrival time
-----------------------------------------------------------------------------
                                  0.64   slack (MET)


Startpoint: mprj/_004_ (rising edge-triggered flip-flop clocked by clk)
Endpoint: mprj/_003_ (rising edge-triggered flip-flop clocked by clk)
Path Group: clk
Path Type: min
Corner: Fastest

Fanout     Cap    Slew   Delay    Time   Description
-----------------------------------------------------------------------------
                          0.00    0.00   clock clk (rise edge)
                          4.65    4.65   clock source latency
                  0.61    0.00    4.65 ^ wb_clk_i (in)
     1    0.03                           wb_clk_i (net)
                  0.61    0.00    4.65 ^ mprj/clkbuf_0_wb_clk_i/A (sky130_fd_sc_hd__clkbuf_16)
                  0.05    0.13    4.78 ^ mprj/clkbuf_0_wb_clk_i/X (sky130_fd_sc_hd__clkbuf_16)
     2    0.02                           mprj/clknet_0_wb_clk_i (net)
                  0.05    0.00    4.78 ^ mprj/clkbuf_1_0__f_wb_clk_i/A (sky130_fd_sc_hd__clkbuf_16)
                  0.02    0.08    4.86 ^ mprj/clkbuf_1_0__f_wb_clk_i/X (sky130_fd_sc_hd__clkbuf_16)
     2    0.01                           mprj/clknet_1_0__leaf_wb_clk_i (net)
                  0.02    0.00    4.86 ^ mprj/_004_/CLK (sky130_fd_sc_hd__dfxtp_1)
                  0.02    0.17    5.03 v mprj/_004_/Q (sky130_fd_sc_hd__dfxtp_1)
     1    0.00                           mprj/net2 (net)
                  0.02    0.00    5.03 v mprj/hold6/A (sky130_fd_sc_hd__dlygate4sd3_1)
                  0.04    0.34    5.37 v mprj/hold6/X (sky130_fd_sc_hd__dlygate4sd3_1)
     1    0.00                           mprj/net135 (net)
                  0.04    0.00    5.37 v mprj/hold3/A (sky130_fd_sc_hd__dlygate4sd3_1)
                  0.05    0.36    5.73 v mprj/hold3/X (sky130_fd_sc_hd__dlygate4sd3_1)
     2    0.01                           mprj/net132 (net)
                  0.05    0.00    5.73 v mprj/_001_/A (sky130_fd_sc_hd__inv_2)
                  0.02    0.03    5.76 ^ mprj/_001_/Y (sky130_fd_sc_hd__inv_2)
     1    0.00                           mprj/_000_ (net)
                  0.02    0.00    5.76 ^ mprj/_003_/D (sky130_fd_sc_hd__dfxtp_1)
                                  5.76   data arrival time

                          0.00    0.00   clock clk (rise edge)
                          5.57    5.57   clock source latency
                  0.61    0.00    5.57 ^ wb_clk_i (in)
     1    0.03                           wb_clk_i (net)
                  0.61    0.00    5.57 ^ mprj/clkbuf_0_wb_clk_i/A (sky130_fd_sc_hd__clkbuf_16)
                  0.05    0.15    5.72 ^ mprj/clkbuf_0_wb_clk_i/X (sky130_fd_sc_hd__clkbuf_16)
     2    0.02                           mprj/clknet_0_wb_clk_i (net)
                  0.05    0.00    5.72 ^ mprj/clkbuf_1_1__f_wb_clk_i/A (sky130_fd_sc_hd__clkbuf_16)
                  0.02    0.08    5.80 ^ mprj/clkbuf_1_1__f_wb_clk_i/X (sky130_fd_sc_hd__clkbuf_16)
     1    0.00                           mprj/clknet_1_1__leaf_wb_clk_i (net)
                  0.02    0.00    5.80 ^ mprj/_003_/CLK (sky130_fd_sc_hd__dfxtp_1)
                          0.25    6.05   clock uncertainty
                         -0.93    5.12   clock reconvergence pessimism
                         -0.02    5.10   library hold time
                                  5.10   data required time
-----------------------------------------------------------------------------
                                  5.10   data required time
                                 -5.76   data arrival time
-----------------------------------------------------------------------------
                                  0.67   slack (MET)



======================= Slowest Corner ===================================

Startpoint: la_data_in[0] (input port clocked by clk)
Endpoint: mprj/_002_ (rising edge-triggered flip-flop clocked by clk)
Path Group: clk
Path Type: min
Corner: Slowest

Fanout     Cap    Slew   Delay    Time   Description
-----------------------------------------------------------------------------
                          0.00    0.00   clock clk (rise edge)
                          4.65    4.65   clock network delay (propagated)
                          0.18    4.83 ^ input external delay
                  0.07    0.00    4.83 ^ la_data_in[0] (in)
     1    0.08                           la_data_in[0] (net)
                  0.08    0.00    4.83 ^ mprj/input1/A (sky130_fd_sc_hd__clkbuf_1)
                  0.06    0.14    4.97 ^ mprj/input1/X (sky130_fd_sc_hd__clkbuf_1)
     1    0.00                           mprj/net1 (net)
                  0.06    0.00    4.97 ^ mprj/_002_/D (sky130_fd_sc_hd__dfxtp_1)
                                  4.97   data arrival time

                          0.00    0.00   clock clk (rise edge)
                          5.57    5.57   clock source latency
                  0.61    0.00    5.57 ^ wb_clk_i (in)
     1    0.03                           wb_clk_i (net)
                  0.61    0.00    5.57 ^ mprj/clkbuf_0_wb_clk_i/A (sky130_fd_sc_hd__clkbuf_16)
                  0.08    0.47    6.04 ^ mprj/clkbuf_0_wb_clk_i/X (sky130_fd_sc_hd__clkbuf_16)
     2    0.02                           mprj/clknet_0_wb_clk_i (net)
                  0.08    0.00    6.04 ^ mprj/clkbuf_1_0__f_wb_clk_i/A (sky130_fd_sc_hd__clkbuf_16)
                  0.05    0.21    6.26 ^ mprj/clkbuf_1_0__f_wb_clk_i/X (sky130_fd_sc_hd__clkbuf_16)
     2    0.01                           mprj/clknet_1_0__leaf_wb_clk_i (net)
                  0.05    0.00    6.26 ^ mprj/_002_/CLK (sky130_fd_sc_hd__dfxtp_1)
                          0.25    6.51   clock uncertainty
                          0.00    6.51   clock reconvergence pessimism
                         -0.07    6.44   library hold time
                                  6.44   data required time
-----------------------------------------------------------------------------
                                  6.44   data required time
                                 -4.97   data arrival time
-----------------------------------------------------------------------------
                                 -1.47   slack (VIOLATED)


Startpoint: mprj/_002_ (rising edge-triggered flip-flop clocked by clk)
Endpoint: mprj/_004_ (rising edge-triggered flip-flop clocked by clk)
Path Group: clk
Path Type: min
Corner: Slowest

Fanout     Cap    Slew   Delay    Time   Description
-----------------------------------------------------------------------------
                          0.00    0.00   clock clk (rise edge)
                          4.65    4.65   clock source latency
                  0.61    0.00    4.65 ^ wb_clk_i (in)
     1    0.03                           wb_clk_i (net)
                  0.61    0.00    4.65 ^ mprj/clkbuf_0_wb_clk_i/A (sky130_fd_sc_hd__clkbuf_16)
                  0.08    0.43    5.08 ^ mprj/clkbuf_0_wb_clk_i/X (sky130_fd_sc_hd__clkbuf_16)
     2    0.02                           mprj/clknet_0_wb_clk_i (net)
                  0.08    0.00    5.08 ^ mprj/clkbuf_1_0__f_wb_clk_i/A (sky130_fd_sc_hd__clkbuf_16)
                  0.05    0.19    5.27 ^ mprj/clkbuf_1_0__f_wb_clk_i/X (sky130_fd_sc_hd__clkbuf_16)
     2    0.01                           mprj/clknet_1_0__leaf_wb_clk_i (net)
                  0.05    0.00    5.27 ^ mprj/_002_/CLK (sky130_fd_sc_hd__dfxtp_1)
                  0.06    0.58    5.85 ^ mprj/_002_/Q (sky130_fd_sc_hd__dfxtp_1)
     1    0.00                           mprj/counter.d (net)
                  0.06    0.00    5.85 ^ mprj/hold10/A (sky130_fd_sc_hd__dlygate4sd3_1)
                  0.08    0.97    6.82 ^ mprj/hold10/X (sky130_fd_sc_hd__dlygate4sd3_1)
     1    0.00                           mprj/net139 (net)
                  0.08    0.00    6.82 ^ mprj/hold5/A (sky130_fd_sc_hd__dlygate4sd3_1)
                  0.09    0.99    7.81 ^ mprj/hold5/X (sky130_fd_sc_hd__dlygate4sd3_1)
     1    0.00                           mprj/net134 (net)
                  0.09    0.00    7.81 ^ mprj/_004_/D (sky130_fd_sc_hd__dfxtp_1)
                                  7.81   data arrival time

                          0.00    0.00   clock clk (rise edge)
                          5.57    5.57   clock source latency
                  0.61    0.00    5.57 ^ wb_clk_i (in)
     1    0.03                           wb_clk_i (net)
                  0.61    0.00    5.57 ^ mprj/clkbuf_0_wb_clk_i/A (sky130_fd_sc_hd__clkbuf_16)
                  0.08    0.47    6.04 ^ mprj/clkbuf_0_wb_clk_i/X (sky130_fd_sc_hd__clkbuf_16)
     2    0.02                           mprj/clknet_0_wb_clk_i (net)
                  0.08    0.00    6.04 ^ mprj/clkbuf_1_0__f_wb_clk_i/A (sky130_fd_sc_hd__clkbuf_16)
                  0.05    0.21    6.26 ^ mprj/clkbuf_1_0__f_wb_clk_i/X (sky130_fd_sc_hd__clkbuf_16)
     2    0.01                           mprj/clknet_1_0__leaf_wb_clk_i (net)
                  0.05    0.00    6.26 ^ mprj/_004_/CLK (sky130_fd_sc_hd__dfxtp_1)
                          0.25    6.51   clock uncertainty
                         -0.99    5.52   clock reconvergence pessimism
                         -0.08    5.44   library hold time
                                  5.44   data required time
-----------------------------------------------------------------------------
                                  5.44   data required time
                                 -7.81   data arrival time
-----------------------------------------------------------------------------
                                  2.37   slack (MET)


Startpoint: mprj/_004_ (rising edge-triggered flip-flop clocked by clk)
Endpoint: mprj/_003_ (rising edge-triggered flip-flop clocked by clk)
Path Group: clk
Path Type: min
Corner: Slowest

Fanout     Cap    Slew   Delay    Time   Description
-----------------------------------------------------------------------------
                          0.00    0.00   clock clk (rise edge)
                          4.65    4.65   clock source latency
                  0.61    0.00    4.65 ^ wb_clk_i (in)
     1    0.03                           wb_clk_i (net)
                  0.61    0.00    4.65 ^ mprj/clkbuf_0_wb_clk_i/A (sky130_fd_sc_hd__clkbuf_16)
                  0.08    0.43    5.08 ^ mprj/clkbuf_0_wb_clk_i/X (sky130_fd_sc_hd__clkbuf_16)
     2    0.02                           mprj/clknet_0_wb_clk_i (net)
                  0.08    0.00    5.08 ^ mprj/clkbuf_1_0__f_wb_clk_i/A (sky130_fd_sc_hd__clkbuf_16)
                  0.05    0.19    5.27 ^ mprj/clkbuf_1_0__f_wb_clk_i/X (sky130_fd_sc_hd__clkbuf_16)
     2    0.01                           mprj/clknet_1_0__leaf_wb_clk_i (net)
                  0.05    0.00    5.27 ^ mprj/_004_/CLK (sky130_fd_sc_hd__dfxtp_1)
                  0.06    0.58    5.85 ^ mprj/_004_/Q (sky130_fd_sc_hd__dfxtp_1)
     1    0.00                           mprj/net2 (net)
                  0.06    0.00    5.85 ^ mprj/hold6/A (sky130_fd_sc_hd__dlygate4sd3_1)
                  0.09    0.98    6.83 ^ mprj/hold6/X (sky130_fd_sc_hd__dlygate4sd3_1)
     1    0.00                           mprj/net135 (net)
                  0.09    0.00    6.83 ^ mprj/hold3/A (sky130_fd_sc_hd__dlygate4sd3_1)
                  0.15    1.05    7.89 ^ mprj/hold3/X (sky130_fd_sc_hd__dlygate4sd3_1)
     2    0.01                           mprj/net132 (net)
                  0.15    0.00    7.89 ^ mprj/_001_/A (sky130_fd_sc_hd__inv_2)
                  0.04    0.07    7.96 v mprj/_001_/Y (sky130_fd_sc_hd__inv_2)
     1    0.00                           mprj/_000_ (net)
                  0.04    0.00    7.96 v mprj/_003_/D (sky130_fd_sc_hd__dfxtp_1)
                                  7.96   data arrival time

                          0.00    0.00   clock clk (rise edge)
                          5.57    5.57   clock source latency
                  0.61    0.00    5.57 ^ wb_clk_i (in)
     1    0.03                           wb_clk_i (net)
                  0.61    0.00    5.57 ^ mprj/clkbuf_0_wb_clk_i/A (sky130_fd_sc_hd__clkbuf_16)
                  0.08    0.47    6.04 ^ mprj/clkbuf_0_wb_clk_i/X (sky130_fd_sc_hd__clkbuf_16)
     2    0.02                           mprj/clknet_0_wb_clk_i (net)
                  0.08    0.00    6.04 ^ mprj/clkbuf_1_1__f_wb_clk_i/A (sky130_fd_sc_hd__clkbuf_16)
                  0.04    0.21    6.25 ^ mprj/clkbuf_1_1__f_wb_clk_i/X (sky130_fd_sc_hd__clkbuf_16)
     1    0.00                           mprj/clknet_1_1__leaf_wb_clk_i (net)
                  0.04    0.00    6.25 ^ mprj/_003_/CLK (sky130_fd_sc_hd__dfxtp_1)
                          0.25    6.50   clock uncertainty
                         -0.97    5.54   clock reconvergence pessimism
                         -0.10    5.44   library hold time
                                  5.44   data required time
-----------------------------------------------------------------------------
                                  5.44   data required time
                                 -7.96   data arrival time
-----------------------------------------------------------------------------
                                  2.52   slack (MET)


Startpoint: mprj/_003_ (rising edge-triggered flip-flop clocked by clk)
Endpoint: la_data_out[1] (output port clocked by clk)
Path Group: clk
Path Type: min
Corner: Slowest

Fanout     Cap    Slew   Delay    Time   Description
-----------------------------------------------------------------------------
                          0.00    0.00   clock clk (rise edge)
                          4.65    4.65   clock source latency
                  0.61    0.00    4.65 ^ wb_clk_i (in)
     1    0.03                           wb_clk_i (net)
                  0.61    0.00    4.65 ^ mprj/clkbuf_0_wb_clk_i/A (sky130_fd_sc_hd__clkbuf_16)
                  0.08    0.43    5.08 ^ mprj/clkbuf_0_wb_clk_i/X (sky130_fd_sc_hd__clkbuf_16)
     2    0.02                           mprj/clknet_0_wb_clk_i (net)
                  0.08    0.00    5.08 ^ mprj/clkbuf_1_1__f_wb_clk_i/A (sky130_fd_sc_hd__clkbuf_16)
                  0.04    0.19    5.27 ^ mprj/clkbuf_1_1__f_wb_clk_i/X (sky130_fd_sc_hd__clkbuf_16)
     1    0.00                           mprj/clknet_1_1__leaf_wb_clk_i (net)
                  0.04    0.00    5.27 ^ mprj/_003_/CLK (sky130_fd_sc_hd__dfxtp_1)
                  0.07    0.58    5.84 ^ mprj/_003_/Q (sky130_fd_sc_hd__dfxtp_1)
     1    0.00                           mprj/net3 (net)
                  0.07    0.00    5.84 ^ mprj/hold8/A (sky130_fd_sc_hd__dlygate4sd3_1)
                  0.08    0.98    6.82 ^ mprj/hold8/X (sky130_fd_sc_hd__dlygate4sd3_1)
     1    0.00                           mprj/net137 (net)
                  0.08    0.00    6.82 ^ mprj/hold1/A (sky130_fd_sc_hd__dlygate4sd3_1)
                  0.08    0.98    7.80 ^ mprj/hold1/X (sky130_fd_sc_hd__dlygate4sd3_1)
     1    0.00                           mprj/net130 (net)
                  0.08    0.00    7.80 ^ mprj/hold9/A (sky130_fd_sc_hd__dlygate4sd3_1)
                  0.12    1.02    8.82 ^ mprj/hold9/X (sky130_fd_sc_hd__dlygate4sd3_1)
     1    0.00                           mprj/net138 (net)
                  0.12    0.00    8.82 ^ mprj/output3/A (sky130_fd_sc_hd__buf_6)
                  0.05    0.18    9.00 ^ mprj/output3/X (sky130_fd_sc_hd__buf_6)
     1    0.01                           mprj/net131 (net)
                  0.05    0.00    9.00 ^ mprj/hold2/A (sky130_fd_sc_hd__buf_12)
                  0.49    0.43    9.43 ^ mprj/hold2/X (sky130_fd_sc_hd__buf_12)
     1    0.28                           la_data_out[1] (net)
                  0.50    0.05    9.48 ^ la_data_out[1] (out)
                                  9.48   data arrival time

                          0.00    0.00   clock clk (rise edge)
                          5.57    5.57   clock network delay (propagated)
                          0.25    5.82   clock uncertainty
                          0.00    5.82   clock reconvergence pessimism
                          0.00    5.82   output external delay
                                  5.82   data required time
-----------------------------------------------------------------------------
                                  5.82   data required time
                                 -9.48   data arrival time
-----------------------------------------------------------------------------
                                  3.66   slack (MET)


Startpoint: mprj/_004_ (rising edge-triggered flip-flop clocked by clk)
Endpoint: la_data_out[0] (output port clocked by clk)
Path Group: clk
Path Type: min
Corner: Slowest

Fanout     Cap    Slew   Delay    Time   Description
-----------------------------------------------------------------------------
                          0.00    0.00   clock clk (rise edge)
                          4.65    4.65   clock source latency
                  0.61    0.00    4.65 ^ wb_clk_i (in)
     1    0.03                           wb_clk_i (net)
                  0.61    0.00    4.65 ^ mprj/clkbuf_0_wb_clk_i/A (sky130_fd_sc_hd__clkbuf_16)
                  0.08    0.43    5.08 ^ mprj/clkbuf_0_wb_clk_i/X (sky130_fd_sc_hd__clkbuf_16)
     2    0.02                           mprj/clknet_0_wb_clk_i (net)
                  0.08    0.00    5.08 ^ mprj/clkbuf_1_0__f_wb_clk_i/A (sky130_fd_sc_hd__clkbuf_16)
                  0.05    0.19    5.27 ^ mprj/clkbuf_1_0__f_wb_clk_i/X (sky130_fd_sc_hd__clkbuf_16)
     2    0.01                           mprj/clknet_1_0__leaf_wb_clk_i (net)
                  0.05    0.00    5.27 ^ mprj/_004_/CLK (sky130_fd_sc_hd__dfxtp_1)
                  0.06    0.58    5.85 ^ mprj/_004_/Q (sky130_fd_sc_hd__dfxtp_1)
     1    0.00                           mprj/net2 (net)
                  0.06    0.00    5.85 ^ mprj/hold6/A (sky130_fd_sc_hd__dlygate4sd3_1)
                  0.09    0.98    6.83 ^ mprj/hold6/X (sky130_fd_sc_hd__dlygate4sd3_1)
     1    0.00                           mprj/net135 (net)
                  0.09    0.00    6.83 ^ mprj/hold3/A (sky130_fd_sc_hd__dlygate4sd3_1)
                  0.15    1.05    7.89 ^ mprj/hold3/X (sky130_fd_sc_hd__dlygate4sd3_1)
     2    0.01                           mprj/net132 (net)
                  0.15    0.00    7.89 ^ mprj/hold7/A (sky130_fd_sc_hd__dlygate4sd3_1)
                  0.14    1.07    8.95 ^ mprj/hold7/X (sky130_fd_sc_hd__dlygate4sd3_1)
     1    0.01                           mprj/net136 (net)
                  0.14    0.00    8.95 ^ mprj/output2/A (sky130_fd_sc_hd__buf_6)
                  0.05    0.19    9.14 ^ mprj/output2/X (sky130_fd_sc_hd__buf_6)
     1    0.01                           mprj/net133 (net)
                  0.05    0.00    9.14 ^ mprj/hold4/A (sky130_fd_sc_hd__buf_12)
                  0.51    0.46    9.59 ^ mprj/hold4/X (sky130_fd_sc_hd__buf_12)
     1    0.29                           la_data_out[0] (net)
                  0.52    0.03    9.62 ^ la_data_out[0] (out)
                                  9.62   data arrival time

                          0.00    0.00   clock clk (rise edge)
                          5.57    5.57   clock network delay (propagated)
                          0.25    5.82   clock uncertainty
                          0.00    5.82   clock reconvergence pessimism
                          0.00    5.82   output external delay
                                  5.82   data required time
-----------------------------------------------------------------------------
                                  5.82   data required time
                                 -9.62   data arrival time
-----------------------------------------------------------------------------
                                  3.80   slack (MET)



======================= Typical Corner ===================================

Startpoint: la_data_in[0] (input port clocked by clk)
Endpoint: mprj/_002_ (rising edge-triggered flip-flop clocked by clk)
Path Group: clk
Path Type: min
Corner: Typical

Fanout     Cap    Slew   Delay    Time   Description
-----------------------------------------------------------------------------
                          0.00    0.00   clock clk (rise edge)
                          4.65    4.65   clock network delay (propagated)
                          0.18    4.83 ^ input external delay
                  0.07    0.00    4.83 ^ la_data_in[0] (in)
     1    0.08                           la_data_in[0] (net)
                  0.08    0.00    4.83 ^ mprj/input1/A (sky130_fd_sc_hd__clkbuf_1)
                  0.04    0.08    4.91 ^ mprj/input1/X (sky130_fd_sc_hd__clkbuf_1)
     1    0.00                           mprj/net1 (net)
                  0.04    0.00    4.91 ^ mprj/_002_/D (sky130_fd_sc_hd__dfxtp_1)
                                  4.91   data arrival time

                          0.00    0.00   clock clk (rise edge)
                          5.57    5.57   clock source latency
                  0.61    0.00    5.57 ^ wb_clk_i (in)
     1    0.03                           wb_clk_i (net)
                  0.61    0.00    5.57 ^ mprj/clkbuf_0_wb_clk_i/A (sky130_fd_sc_hd__clkbuf_16)
                  0.06    0.27    5.84 ^ mprj/clkbuf_0_wb_clk_i/X (sky130_fd_sc_hd__clkbuf_16)
     2    0.02                           mprj/clknet_0_wb_clk_i (net)
                  0.06    0.00    5.85 ^ mprj/clkbuf_1_0__f_wb_clk_i/A (sky130_fd_sc_hd__clkbuf_16)
                  0.03    0.12    5.97 ^ mprj/clkbuf_1_0__f_wb_clk_i/X (sky130_fd_sc_hd__clkbuf_16)
     2    0.01                           mprj/clknet_1_0__leaf_wb_clk_i (net)
                  0.03    0.00    5.97 ^ mprj/_002_/CLK (sky130_fd_sc_hd__dfxtp_1)
                          0.25    6.22   clock uncertainty
                          0.00    6.22   clock reconvergence pessimism
                         -0.03    6.19   library hold time
                                  6.19   data required time
-----------------------------------------------------------------------------
                                  6.19   data required time
                                 -4.91   data arrival time
-----------------------------------------------------------------------------
                                 -1.27   slack (VIOLATED)


Startpoint: mprj/_002_ (rising edge-triggered flip-flop clocked by clk)
Endpoint: mprj/_004_ (rising edge-triggered flip-flop clocked by clk)
Path Group: clk
Path Type: min
Corner: Typical

Fanout     Cap    Slew   Delay    Time   Description
-----------------------------------------------------------------------------
                          0.00    0.00   clock clk (rise edge)
                          4.65    4.65   clock source latency
                  0.61    0.00    4.65 ^ wb_clk_i (in)
     1    0.03                           wb_clk_i (net)
                  0.61    0.00    4.65 ^ mprj/clkbuf_0_wb_clk_i/A (sky130_fd_sc_hd__clkbuf_16)
                  0.06    0.25    4.90 ^ mprj/clkbuf_0_wb_clk_i/X (sky130_fd_sc_hd__clkbuf_16)
     2    0.02                           mprj/clknet_0_wb_clk_i (net)
                  0.06    0.00    4.90 ^ mprj/clkbuf_1_0__f_wb_clk_i/A (sky130_fd_sc_hd__clkbuf_16)
                  0.03    0.11    5.01 ^ mprj/clkbuf_1_0__f_wb_clk_i/X (sky130_fd_sc_hd__clkbuf_16)
     2    0.01                           mprj/clknet_1_0__leaf_wb_clk_i (net)
                  0.03    0.00    5.01 ^ mprj/_002_/CLK (sky130_fd_sc_hd__dfxtp_1)
                  0.04    0.28    5.29 ^ mprj/_002_/Q (sky130_fd_sc_hd__dfxtp_1)
     1    0.00                           mprj/counter.d (net)
                  0.04    0.00    5.29 ^ mprj/hold10/A (sky130_fd_sc_hd__dlygate4sd3_1)
                  0.05    0.50    5.78 ^ mprj/hold10/X (sky130_fd_sc_hd__dlygate4sd3_1)
     1    0.00                           mprj/net139 (net)
                  0.05    0.00    5.78 ^ mprj/hold5/A (sky130_fd_sc_hd__dlygate4sd3_1)
                  0.05    0.51    6.29 ^ mprj/hold5/X (sky130_fd_sc_hd__dlygate4sd3_1)
     1    0.00                           mprj/net134 (net)
                  0.05    0.00    6.29 ^ mprj/_004_/D (sky130_fd_sc_hd__dfxtp_1)
                                  6.29   data arrival time

                          0.00    0.00   clock clk (rise edge)
                          5.57    5.57   clock source latency
                  0.61    0.00    5.57 ^ wb_clk_i (in)
     1    0.03                           wb_clk_i (net)
                  0.61    0.00    5.57 ^ mprj/clkbuf_0_wb_clk_i/A (sky130_fd_sc_hd__clkbuf_16)
                  0.06    0.27    5.84 ^ mprj/clkbuf_0_wb_clk_i/X (sky130_fd_sc_hd__clkbuf_16)
     2    0.02                           mprj/clknet_0_wb_clk_i (net)
                  0.06    0.00    5.85 ^ mprj/clkbuf_1_0__f_wb_clk_i/A (sky130_fd_sc_hd__clkbuf_16)
                  0.03    0.12    5.97 ^ mprj/clkbuf_1_0__f_wb_clk_i/X (sky130_fd_sc_hd__clkbuf_16)
     2    0.01                           mprj/clknet_1_0__leaf_wb_clk_i (net)
                  0.03    0.00    5.97 ^ mprj/_004_/CLK (sky130_fd_sc_hd__dfxtp_1)
                          0.25    6.22   clock uncertainty
                         -0.96    5.26   clock reconvergence pessimism
                         -0.03    5.23   library hold time
                                  5.23   data required time
-----------------------------------------------------------------------------
                                  5.23   data required time
                                 -6.29   data arrival time
-----------------------------------------------------------------------------
                                  1.07   slack (MET)


Startpoint: mprj/_004_ (rising edge-triggered flip-flop clocked by clk)
Endpoint: mprj/_003_ (rising edge-triggered flip-flop clocked by clk)
Path Group: clk
Path Type: min
Corner: Typical

Fanout     Cap    Slew   Delay    Time   Description
-----------------------------------------------------------------------------
                          0.00    0.00   clock clk (rise edge)
                          4.65    4.65   clock source latency
                  0.61    0.00    4.65 ^ wb_clk_i (in)
     1    0.03                           wb_clk_i (net)
                  0.61    0.00    4.65 ^ mprj/clkbuf_0_wb_clk_i/A (sky130_fd_sc_hd__clkbuf_16)
                  0.06    0.25    4.90 ^ mprj/clkbuf_0_wb_clk_i/X (sky130_fd_sc_hd__clkbuf_16)
     2    0.02                           mprj/clknet_0_wb_clk_i (net)
                  0.06    0.00    4.90 ^ mprj/clkbuf_1_0__f_wb_clk_i/A (sky130_fd_sc_hd__clkbuf_16)
                  0.03    0.11    5.01 ^ mprj/clkbuf_1_0__f_wb_clk_i/X (sky130_fd_sc_hd__clkbuf_16)
     2    0.01                           mprj/clknet_1_0__leaf_wb_clk_i (net)
                  0.03    0.00    5.01 ^ mprj/_004_/CLK (sky130_fd_sc_hd__dfxtp_1)
                  0.04    0.28    5.29 ^ mprj/_004_/Q (sky130_fd_sc_hd__dfxtp_1)
     1    0.00                           mprj/net2 (net)
                  0.04    0.00    5.29 ^ mprj/hold6/A (sky130_fd_sc_hd__dlygate4sd3_1)
                  0.05    0.50    5.79 ^ mprj/hold6/X (sky130_fd_sc_hd__dlygate4sd3_1)
     1    0.00                           mprj/net135 (net)
                  0.05    0.00    5.79 ^ mprj/hold3/A (sky130_fd_sc_hd__dlygate4sd3_1)
                  0.09    0.55    6.34 ^ mprj/hold3/X (sky130_fd_sc_hd__dlygate4sd3_1)
     2    0.01                           mprj/net132 (net)
                  0.09    0.00    6.34 ^ mprj/_001_/A (sky130_fd_sc_hd__inv_2)
                  0.02    0.03    6.37 v mprj/_001_/Y (sky130_fd_sc_hd__inv_2)
     1    0.00                           mprj/_000_ (net)
                  0.02    0.00    6.37 v mprj/_003_/D (sky130_fd_sc_hd__dfxtp_1)
                                  6.37   data arrival time

                          0.00    0.00   clock clk (rise edge)
                          5.57    5.57   clock source latency
                  0.61    0.00    5.57 ^ wb_clk_i (in)
     1    0.03                           wb_clk_i (net)
                  0.61    0.00    5.57 ^ mprj/clkbuf_0_wb_clk_i/A (sky130_fd_sc_hd__clkbuf_16)
                  0.06    0.27    5.84 ^ mprj/clkbuf_0_wb_clk_i/X (sky130_fd_sc_hd__clkbuf_16)
     2    0.02                           mprj/clknet_0_wb_clk_i (net)
                  0.06    0.00    5.85 ^ mprj/clkbuf_1_1__f_wb_clk_i/A (sky130_fd_sc_hd__clkbuf_16)
                  0.03    0.12    5.96 ^ mprj/clkbuf_1_1__f_wb_clk_i/X (sky130_fd_sc_hd__clkbuf_16)
     1    0.00                           mprj/clknet_1_1__leaf_wb_clk_i (net)
                  0.03    0.00    5.96 ^ mprj/_003_/CLK (sky130_fd_sc_hd__dfxtp_1)
                          0.25    6.21   clock uncertainty
                         -0.95    5.27   clock reconvergence pessimism
                         -0.05    5.22   library hold time
                                  5.22   data required time
-----------------------------------------------------------------------------
                                  5.22   data required time
                                 -6.37   data arrival time
-----------------------------------------------------------------------------
                                  1.15   slack (MET)


Startpoint: mprj/_003_ (rising edge-triggered flip-flop clocked by clk)
Endpoint: la_data_out[1] (output port clocked by clk)
Path Group: clk
Path Type: min
Corner: Typical

Fanout     Cap    Slew   Delay    Time   Description
-----------------------------------------------------------------------------
                          0.00    0.00   clock clk (rise edge)
                          4.65    4.65   clock source latency
                  0.61    0.00    4.65 ^ wb_clk_i (in)
     1    0.03                           wb_clk_i (net)
                  0.61    0.00    4.65 ^ mprj/clkbuf_0_wb_clk_i/A (sky130_fd_sc_hd__clkbuf_16)
                  0.06    0.25    4.90 ^ mprj/clkbuf_0_wb_clk_i/X (sky130_fd_sc_hd__clkbuf_16)
     2    0.02                           mprj/clknet_0_wb_clk_i (net)
                  0.06    0.00    4.90 ^ mprj/clkbuf_1_1__f_wb_clk_i/A (sky130_fd_sc_hd__clkbuf_16)
                  0.03    0.11    5.01 ^ mprj/clkbuf_1_1__f_wb_clk_i/X (sky130_fd_sc_hd__clkbuf_16)
     1    0.00                           mprj/clknet_1_1__leaf_wb_clk_i (net)
                  0.03    0.00    5.01 ^ mprj/_003_/CLK (sky130_fd_sc_hd__dfxtp_1)
                  0.03    0.27    5.27 v mprj/_003_/Q (sky130_fd_sc_hd__dfxtp_1)
     1    0.00                           mprj/net3 (net)
                  0.03    0.00    5.27 v mprj/hold8/A (sky130_fd_sc_hd__dlygate4sd3_1)
                  0.05    0.51    5.78 v mprj/hold8/X (sky130_fd_sc_hd__dlygate4sd3_1)
     1    0.00                           mprj/net137 (net)
                  0.05    0.00    5.78 v mprj/hold1/A (sky130_fd_sc_hd__dlygate4sd3_1)
                  0.05    0.51    6.29 v mprj/hold1/X (sky130_fd_sc_hd__dlygate4sd3_1)
     1    0.00                           mprj/net130 (net)
                  0.05    0.00    6.29 v mprj/hold9/A (sky130_fd_sc_hd__dlygate4sd3_1)
                  0.06    0.53    6.83 v mprj/hold9/X (sky130_fd_sc_hd__dlygate4sd3_1)
     1    0.00                           mprj/net138 (net)
                  0.06    0.00    6.83 v mprj/output3/A (sky130_fd_sc_hd__buf_6)
                  0.02    0.12    6.94 v mprj/output3/X (sky130_fd_sc_hd__buf_6)
     1    0.01                           mprj/net131 (net)
                  0.02    0.00    6.94 v mprj/hold2/A (sky130_fd_sc_hd__buf_12)
                  0.14    0.17    7.12 v mprj/hold2/X (sky130_fd_sc_hd__buf_12)
     1    0.28                           la_data_out[1] (net)
                  0.17    0.05    7.16 v la_data_out[1] (out)
                                  7.16   data arrival time

                          0.00    0.00   clock clk (rise edge)
                          5.57    5.57   clock network delay (propagated)
                          0.25    5.82   clock uncertainty
                          0.00    5.82   clock reconvergence pessimism
                          0.00    5.82   output external delay
                                  5.82   data required time
-----------------------------------------------------------------------------
                                  5.82   data required time
                                 -7.16   data arrival time
-----------------------------------------------------------------------------
                                  1.34   slack (MET)


Startpoint: mprj/_004_ (rising edge-triggered flip-flop clocked by clk)
Endpoint: la_data_out[0] (output port clocked by clk)
Path Group: clk
Path Type: min
Corner: Typical

Fanout     Cap    Slew   Delay    Time   Description
-----------------------------------------------------------------------------
                          0.00    0.00   clock clk (rise edge)
                          4.65    4.65   clock source latency
                  0.61    0.00    4.65 ^ wb_clk_i (in)
     1    0.03                           wb_clk_i (net)
                  0.61    0.00    4.65 ^ mprj/clkbuf_0_wb_clk_i/A (sky130_fd_sc_hd__clkbuf_16)
                  0.06    0.25    4.90 ^ mprj/clkbuf_0_wb_clk_i/X (sky130_fd_sc_hd__clkbuf_16)
     2    0.02                           mprj/clknet_0_wb_clk_i (net)
                  0.06    0.00    4.90 ^ mprj/clkbuf_1_0__f_wb_clk_i/A (sky130_fd_sc_hd__clkbuf_16)
                  0.03    0.11    5.01 ^ mprj/clkbuf_1_0__f_wb_clk_i/X (sky130_fd_sc_hd__clkbuf_16)
     2    0.01                           mprj/clknet_1_0__leaf_wb_clk_i (net)
                  0.03    0.00    5.01 ^ mprj/_004_/CLK (sky130_fd_sc_hd__dfxtp_1)
                  0.02    0.27    5.28 v mprj/_004_/Q (sky130_fd_sc_hd__dfxtp_1)
     1    0.00                           mprj/net2 (net)
                  0.02    0.00    5.28 v mprj/hold6/A (sky130_fd_sc_hd__dlygate4sd3_1)
                  0.05    0.51    5.79 v mprj/hold6/X (sky130_fd_sc_hd__dlygate4sd3_1)
     1    0.00                           mprj/net135 (net)
                  0.05    0.00    5.79 v mprj/hold3/A (sky130_fd_sc_hd__dlygate4sd3_1)
                  0.07    0.55    6.34 v mprj/hold3/X (sky130_fd_sc_hd__dlygate4sd3_1)
     2    0.01                           mprj/net132 (net)
                  0.07    0.00    6.34 v mprj/hold7/A (sky130_fd_sc_hd__dlygate4sd3_1)
                  0.07    0.55    6.89 v mprj/hold7/X (sky130_fd_sc_hd__dlygate4sd3_1)
     1    0.01                           mprj/net136 (net)
                  0.07    0.00    6.89 v mprj/output2/A (sky130_fd_sc_hd__buf_6)
                  0.02    0.12    7.01 v mprj/output2/X (sky130_fd_sc_hd__buf_6)
     1    0.01                           mprj/net133 (net)
                  0.02    0.00    7.01 v mprj/hold4/A (sky130_fd_sc_hd__buf_12)
                  0.15    0.19    7.20 v mprj/hold4/X (sky130_fd_sc_hd__buf_12)
     1    0.29                           la_data_out[0] (net)
                  0.16    0.03    7.23 v la_data_out[0] (out)
                                  7.23   data arrival time

                          0.00    0.00   clock clk (rise edge)
                          5.57    5.57   clock network delay (propagated)
                          0.25    5.82   clock uncertainty
                          0.00    5.82   clock reconvergence pessimism
                          0.00    5.82   output external delay
                                  5.82   data required time
-----------------------------------------------------------------------------
                                  5.82   data required time
                                 -7.23   data arrival time
-----------------------------------------------------------------------------
                                  1.41   slack (MET)



