
===========================================================================
 report_power
============================================================================
======================= Fastest Corner ===================================

Group                  Internal  Switching    Leakage      Total
                          Power      Power      Power      Power (Watts)
----------------------------------------------------------------
Sequential             5.89e-06   5.94e-08   4.35e-11   5.95e-06  14.4%
Combinational          2.62e-05   9.11e-06   2.31e-07   3.55e-05  85.6%
Macro                  0.00e+00   0.00e+00   0.00e+00   0.00e+00   0.0%
Pad                    0.00e+00   0.00e+00   0.00e+00   0.00e+00   0.0%
----------------------------------------------------------------
Total                  3.21e-05   9.17e-06   2.31e-07   4.15e-05 100.0%
                          77.3%      22.1%       0.6%

======================= Slowest Corner ===================================

Group                  Internal  Switching    Leakage      Total
                          Power      Power      Power      Power (Watts)
----------------------------------------------------------------
Sequential             4.00e-06   3.67e-08   4.40e-08   4.08e-06  14.5%
Combinational          1.77e-05   6.04e-06   3.94e-07   2.41e-05  85.5%
Macro                  0.00e+00   0.00e+00   0.00e+00   0.00e+00   0.0%
Pad                    0.00e+00   0.00e+00   0.00e+00   0.00e+00   0.0%
----------------------------------------------------------------
Total                  2.17e-05   6.07e-06   4.38e-07   2.82e-05 100.0%
                          76.9%      21.5%       1.6%

======================= Typical Corner ===================================

Group                  Internal  Switching    Leakage      Total
                          Power      Power      Power      Power (Watts)
----------------------------------------------------------------
Sequential             5.08e-06   4.84e-08   2.53e-11   5.13e-06  14.6%
Combinational          2.20e-05   7.71e-06   2.31e-07   2.99e-05  85.4%
Macro                  0.00e+00   0.00e+00   0.00e+00   0.00e+00   0.0%
Pad                    0.00e+00   0.00e+00   0.00e+00   0.00e+00   0.0%
----------------------------------------------------------------
Total                  2.70e-05   7.76e-06   2.31e-07   3.50e-05 100.0%
                          77.2%      22.2%       0.7%

