OpenROAD 41a51eaf4ca2171c92ff38afb91eb37bbd3f36da 
This program is licensed under the BSD-3 license. See the LICENSE file for details.
Components of this program may be licensed under more restrictive licenses which must be honored.
[INFO]: Reading ODB at '/home/vboxuser/caravel_user_project/openlane/user_project_wrapper/runs/24_10_17_20_58/tmp/floorplan/4-io.macro_placement.odb'…
define_corners Typical
read_liberty -corner Typical /home/vboxuser/caravel_user_project/dependencies/pdks/sky130A/libs.ref/sky130_fd_sc_hd/lib/sky130_fd_sc_hd__tt_025C_1v80.lib
read_liberty -corner Typical /home/vboxuser/caravel_user_project/openlane/user_project_wrapper/../../lib/user_proj_example.lib
Using 1e-12 for capacitance...
Using 1e+03 for resistance...
Using 1e-09 for time...
Using 1e+00 for voltage...
Using 1e-03 for current...
Using 1e-09 for power...
Using 1e-06 for distance...
Reading design constraints file at '/home/vboxuser/caravel_user_project/openlane/user_project_wrapper/runs/24_10_17_20_58/tmp/floorplan/3-initial_fp.sdc'…
[INFO PDN-0001] Inserting grid: stdcell_grid
[INFO PDN-0001] Inserting grid: macro - mprj
Setting global connections for newly added cells…
Writing OpenROAD database to '/home/vboxuser/caravel_user_project/openlane/user_project_wrapper/runs/24_10_17_20_58/results/floorplan/user_project_wrapper.odb'…
Writing layout to '/home/vboxuser/caravel_user_project/openlane/user_project_wrapper/runs/24_10_17_20_58/results/floorplan/user_project_wrapper.def'…
