
===========================================================================
 report_power
============================================================================
======================= Fastest Corner ===================================

Group                  Internal  Switching    Leakage      Total
                          Power      Power      Power      Power (Watts)
----------------------------------------------------------------
Sequential             5.89e-06   6.26e-08   4.35e-11   5.96e-06  14.2%
Combinational          2.62e-05   9.54e-06   2.31e-07   3.59e-05  85.8%
Macro                  0.00e+00   0.00e+00   0.00e+00   0.00e+00   0.0%
Pad                    0.00e+00   0.00e+00   0.00e+00   0.00e+00   0.0%
----------------------------------------------------------------
Total                  3.21e-05   9.60e-06   2.31e-07   4.19e-05 100.0%
                          76.5%      22.9%       0.6%

======================= Slowest Corner ===================================

Group                  Internal  Switching    Leakage      Total
                          Power      Power      Power      Power (Watts)
----------------------------------------------------------------
Sequential             4.00e-06   3.89e-08   4.40e-08   4.08e-06  14.3%
Combinational          1.77e-05   6.33e-06   3.94e-07   2.44e-05  85.7%
Macro                  0.00e+00   0.00e+00   0.00e+00   0.00e+00   0.0%
Pad                    0.00e+00   0.00e+00   0.00e+00   0.00e+00   0.0%
----------------------------------------------------------------
Total                  2.17e-05   6.37e-06   4.38e-07   2.85e-05 100.0%
                          76.1%      22.3%       1.5%

======================= Typical Corner ===================================

Group                  Internal  Switching    Leakage      Total
                          Power      Power      Power      Power (Watts)
----------------------------------------------------------------
Sequential             5.08e-06   5.11e-08   2.53e-11   5.13e-06  14.5%
Combinational          2.20e-05   8.08e-06   2.31e-07   3.03e-05  85.5%
Macro                  0.00e+00   0.00e+00   0.00e+00   0.00e+00   0.0%
Pad                    0.00e+00   0.00e+00   0.00e+00   0.00e+00   0.0%
----------------------------------------------------------------
Total                  2.70e-05   8.13e-06   2.31e-07   3.54e-05 100.0%
                          76.4%      23.0%       0.7%

